[2019-04-17 14:02:26] local.ERROR: Class 'Usuarios' not found {"exception":"[object] (Symfony\\Component\\Debug\\Exception\\FatalThrowableError(code: 0): Class 'Usuarios' not found at E:\\DESENVOLVIMENTO\\COMPUTACAO\\Equipac\\vendor\\laravel\\framework\\src\\Illuminate\\Database\\Eloquent\\FactoryBuilder.php:228)
[stacktrace]
#0 E:\\DESENVOLVIMENTO\\COMPUTACAO\\Equipac\\vendor\\laravel\\framework\\src\\Illuminate\\Database\\Eloquent\\FactoryBuilder.php(178): Illuminate\\Database\\Eloquent\\FactoryBuilder->make(Array)
#1 E:\\DESENVOLVIMENTO\\COMPUTACAO\\Equipac\\database\\seeds\\DatabaseSeeder.php(19): Illuminate\\Database\\Eloquent\\FactoryBuilder->create()
#2 [internal function]: DatabaseSeeder->run()
#3 E:\\DESENVOLVIMENTO\\COMPUTACAO\\Equipac\\vendor\\laravel\\framework\\src\\Illuminate\\Container\\BoundMethod.php(32): call_user_func_array(Array, Array)
#4 E:\\DESENVOLVIMENTO\\COMPUTACAO\\Equipac\\vendor\\laravel\\framework\\src\\Illuminate\\Container\\BoundMethod.php(90): Illuminate\\Container\\BoundMethod::Illuminate\\Container\\{closure}()
#5 E:\\DESENVOLVIMENTO\\COMPUTACAO\\Equipac\\vendor\\laravel\\framework\\src\\Illuminate\\Container\\BoundMethod.php(34): Illuminate\\Container\\BoundMethod::callBoundMethod(Object(Illuminate\\Foundation\\Application), Array, Object(Closure))
#6 E:\\DESENVOLVIMENTO\\COMPUTACAO\\Equipac\\vendor\\laravel\\framework\\src\\Illuminate\\Container\\Container.php(580): Illuminate\\Container\\BoundMethod::call(Object(Illuminate\\Foundation\\Application), Array, Array, NULL)
#7 E:\\DESENVOLVIMENTO\\COMPUTACAO\\Equipac\\vendor\\laravel\\framework\\src\\Illuminate\\Database\\Seeder.php(122): Illuminate\\Container\\Container->call(Array)
#8 E:\\DESENVOLVIMENTO\\COMPUTACAO\\Equipac\\vendor\\laravel\\framework\\src\\Illuminate\\Database\\Console\\Seeds\\SeedCommand.php(63): Illuminate\\Database\\Seeder->__invoke()
#9 E:\\DESENVOLVIMENTO\\COMPUTACAO\\Equipac\\vendor\\laravel\\framework\\src\\Illuminate\\Database\\Eloquent\\Concerns\\GuardsAttributes.php(122): Illuminate\\Database\\Console\\Seeds\\SeedCommand->Illuminate\\Database\\Console\\Seeds\\{closure}()
#10 E:\\DESENVOLVIMENTO\\COMPUTACAO\\Equipac\\vendor\\laravel\\framework\\src\\Illuminate\\Database\\Console\\Seeds\\SeedCommand.php(64): Illuminate\\Database\\Eloquent\\Model::unguarded(Object(Closure))
#11 [internal function]: Illuminate\\Database\\Console\\Seeds\\SeedCommand->handle()
#12 E:\\DESENVOLVIMENTO\\COMPUTACAO\\Equipac\\vendor\\laravel\\framework\\src\\Illuminate\\Container\\BoundMethod.php(32): call_user_func_array(Array, Array)
#13 E:\\DESENVOLVIMENTO\\COMPUTACAO\\Equipac\\vendor\\laravel\\framework\\src\\Illuminate\\Container\\BoundMethod.php(90): Illuminate\\Container\\BoundMethod::Illuminate\\Container\\{closure}()
#14 E:\\DESENVOLVIMENTO\\COMPUTACAO\\Equipac\\vendor\\laravel\\framework\\src\\Illuminate\\Container\\BoundMethod.php(34): Illuminate\\Container\\BoundMethod::callBoundMethod(Object(Illuminate\\Foundation\\Application), Array, Object(Closure))
#15 E:\\DESENVOLVIMENTO\\COMPUTACAO\\Equipac\\vendor\\laravel\\framework\\src\\Illuminate\\Container\\Container.php(580): Illuminate\\Container\\BoundMethod::call(Object(Illuminate\\Foundation\\Application), Array, Array, NULL)
#16 E:\\DESENVOLVIMENTO\\COMPUTACAO\\Equipac\\vendor\\laravel\\framework\\src\\Illuminate\\Console\\Command.php(183): Illuminate\\Container\\Container->call(Array)
#17 E:\\DESENVOLVIMENTO\\COMPUTACAO\\Equipac\\vendor\\symfony\\console\\Command\\Command.php(255): Illuminate\\Console\\Command->execute(Object(Symfony\\Component\\Console\\Input\\ArgvInput), Object(Illuminate\\Console\\OutputStyle))
#18 E:\\DESENVOLVIMENTO\\COMPUTACAO\\Equipac\\vendor\\laravel\\framework\\src\\Illuminate\\Console\\Command.php(170): Symfony\\Component\\Console\\Command\\Command->run(Object(Symfony\\Component\\Console\\Input\\ArgvInput), Object(Illuminate\\Console\\OutputStyle))
#19 E:\\DESENVOLVIMENTO\\COMPUTACAO\\Equipac\\vendor\\symfony\\console\\Application.php(908): Illuminate\\Console\\Command->run(Object(Symfony\\Component\\Console\\Input\\ArgvInput), Object(Symfony\\Component\\Console\\Output\\ConsoleOutput))
#20 E:\\DESENVOLVIMENTO\\COMPUTACAO\\Equipac\\vendor\\symfony\\console\\Application.php(269): Symfony\\Component\\Console\\Application->doRunCommand(Object(Illuminate\\Database\\Console\\Seeds\\SeedCommand), Object(Symfony\\Component\\Console\\Input\\ArgvInput), Object(Symfony\\Component\\Console\\Output\\ConsoleOutput))
#21 E:\\DESENVOLVIMENTO\\COMPUTACAO\\Equipac\\vendor\\symfony\\console\\Application.php(145): Symfony\\Component\\Console\\Application->doRun(Object(Symfony\\Component\\Console\\Input\\ArgvInput), Object(Symfony\\Component\\Console\\Output\\ConsoleOutput))
#22 E:\\DESENVOLVIMENTO\\COMPUTACAO\\Equipac\\vendor\\laravel\\framework\\src\\Illuminate\\Console\\Application.php(90): Symfony\\Component\\Console\\Application->run(Object(Symfony\\Component\\Console\\Input\\ArgvInput), Object(Symfony\\Component\\Console\\Output\\ConsoleOutput))
#23 E:\\DESENVOLVIMENTO\\COMPUTACAO\\Equipac\\vendor\\laravel\\framework\\src\\Illuminate\\Foundation\\Console\\Kernel.php(122): Illuminate\\Console\\Application->run(Object(Symfony\\Component\\Console\\Input\\ArgvInput), Object(Symfony\\Component\\Console\\Output\\ConsoleOutput))
#24 E:\\DESENVOLVIMENTO\\COMPUTACAO\\Equipac\\artisan(37): Illuminate\\Foundation\\Console\\Kernel->handle(Object(Symfony\\Component\\Console\\Input\\ArgvInput), Object(Symfony\\Component\\Console\\Output\\ConsoleOutput))
#25 {main}
"} 
[2019-04-17 14:03:42] local.ERROR: Command "namespace" is not defined. {"exception":"[object] (Symfony\\Component\\Console\\Exception\\CommandNotFoundException(code: 0): Command \"namespace\" is not defined. at E:\\DESENVOLVIMENTO\\COMPUTACAO\\Equipac\\vendor\\symfony\\console\\Application.php:639)
[stacktrace]
#0 E:\\DESENVOLVIMENTO\\COMPUTACAO\\Equipac\\vendor\\symfony\\console\\Application.php(233): Symfony\\Component\\Console\\Application->find('namespace')
#1 E:\\DESENVOLVIMENTO\\COMPUTACAO\\Equipac\\vendor\\symfony\\console\\Application.php(145): Symfony\\Component\\Console\\Application->doRun(Object(Symfony\\Component\\Console\\Input\\ArgvInput), Object(Symfony\\Component\\Console\\Output\\ConsoleOutput))
#2 E:\\DESENVOLVIMENTO\\COMPUTACAO\\Equipac\\vendor\\laravel\\framework\\src\\Illuminate\\Console\\Application.php(90): Symfony\\Component\\Console\\Application->run(Object(Symfony\\Component\\Console\\Input\\ArgvInput), Object(Symfony\\Component\\Console\\Output\\ConsoleOutput))
#3 E:\\DESENVOLVIMENTO\\COMPUTACAO\\Equipac\\vendor\\laravel\\framework\\src\\Illuminate\\Foundation\\Console\\Kernel.php(122): Illuminate\\Console\\Application->run(Object(Symfony\\Component\\Console\\Input\\ArgvInput), Object(Symfony\\Component\\Console\\Output\\ConsoleOutput))
#4 E:\\DESENVOLVIMENTO\\COMPUTACAO\\Equipac\\artisan(37): Illuminate\\Foundation\\Console\\Kernel->handle(Object(Symfony\\Component\\Console\\Input\\ArgvInput), Object(Symfony\\Component\\Console\\Output\\ConsoleOutput))
#5 {main}
"} 
[2019-04-17 14:07:20] local.ERROR: Unknown formatter "cpf" {"exception":"[object] (InvalidArgumentException(code: 0): Unknown formatter \"cpf\" at E:\\DESENVOLVIMENTO\\COMPUTACAO\\Equipac\\vendor\\fzaninotto\\faker\\src\\Faker\\Generator.php:242)
[stacktrace]
#0 E:\\DESENVOLVIMENTO\\COMPUTACAO\\Equipac\\vendor\\fzaninotto\\faker\\src\\Faker\\Generator.php(222): Faker\\Generator->getFormatter('cpf')
#1 E:\\DESENVOLVIMENTO\\COMPUTACAO\\Equipac\\vendor\\fzaninotto\\faker\\src\\Faker\\Generator.php(279): Faker\\Generator->format('cpf', Array)
#2 [internal function]: Faker\\Generator->__call('cpf', Array)
#3 E:\\DESENVOLVIMENTO\\COMPUTACAO\\Equipac\\vendor\\fzaninotto\\faker\\src\\Faker\\UniqueGenerator.php(48): call_user_func_array(Array, Array)
#4 E:\\DESENVOLVIMENTO\\COMPUTACAO\\Equipac\\vendor\\fzaninotto\\faker\\src\\Faker\\UniqueGenerator.php(32): Faker\\UniqueGenerator->__call('cpf', Array)
#5 E:\\DESENVOLVIMENTO\\COMPUTACAO\\Equipac\\database\\factories\\UsuariosFactory.php(24): Faker\\UniqueGenerator->__get('cpf')
#6 [internal function]: Illuminate\\Database\\Eloquent\\Factory->{closure}(Object(Faker\\Generator), Array)
#7 E:\\DESENVOLVIMENTO\\COMPUTACAO\\Equipac\\vendor\\laravel\\framework\\src\\Illuminate\\Database\\Eloquent\\FactoryBuilder.php(273): call_user_func(Object(Closure), Object(Faker\\Generator), Array)
#8 E:\\DESENVOLVIMENTO\\COMPUTACAO\\Equipac\\vendor\\laravel\\framework\\src\\Illuminate\\Database\\Eloquent\\FactoryBuilder.php(292): Illuminate\\Database\\Eloquent\\FactoryBuilder->getRawAttributes(Array)
#9 E:\\DESENVOLVIMENTO\\COMPUTACAO\\Equipac\\vendor\\laravel\\framework\\src\\Illuminate\\Database\\Eloquent\\Concerns\\GuardsAttributes.php(116): Illuminate\\Database\\Eloquent\\FactoryBuilder->Illuminate\\Database\\Eloquent\\{closure}()
#10 E:\\DESENVOLVIMENTO\\COMPUTACAO\\Equipac\\vendor\\laravel\\framework\\src\\Illuminate\\Database\\Eloquent\\FactoryBuilder.php(300): Illuminate\\Database\\Eloquent\\Model::unguarded(Object(Closure))
#11 E:\\DESENVOLVIMENTO\\COMPUTACAO\\Equipac\\vendor\\laravel\\framework\\src\\Illuminate\\Database\\Eloquent\\FactoryBuilder.php(229): Illuminate\\Database\\Eloquent\\FactoryBuilder->makeInstance(Array)
#12 [internal function]: Illuminate\\Database\\Eloquent\\FactoryBuilder->Illuminate\\Database\\Eloquent\\{closure}(1)
#13 E:\\DESENVOLVIMENTO\\COMPUTACAO\\Equipac\\vendor\\laravel\\framework\\src\\Illuminate\\Database\\Eloquent\\FactoryBuilder.php(230): array_map(Object(Closure), Array)
#14 E:\\DESENVOLVIMENTO\\COMPUTACAO\\Equipac\\vendor\\laravel\\framework\\src\\Illuminate\\Database\\Eloquent\\FactoryBuilder.php(178): Illuminate\\Database\\Eloquent\\FactoryBuilder->make(Array)
#15 E:\\DESENVOLVIMENTO\\COMPUTACAO\\Equipac\\database\\seeds\\DatabaseSeeder.php(19): Illuminate\\Database\\Eloquent\\FactoryBuilder->create()
#16 [internal function]: DatabaseSeeder->run()
#17 E:\\DESENVOLVIMENTO\\COMPUTACAO\\Equipac\\vendor\\laravel\\framework\\src\\Illuminate\\Container\\BoundMethod.php(32): call_user_func_array(Array, Array)
#18 E:\\DESENVOLVIMENTO\\COMPUTACAO\\Equipac\\vendor\\laravel\\framework\\src\\Illuminate\\Container\\BoundMethod.php(90): Illuminate\\Container\\BoundMethod::Illuminate\\Container\\{closure}()
#19 E:\\DESENVOLVIMENTO\\COMPUTACAO\\Equipac\\vendor\\laravel\\framework\\src\\Illuminate\\Container\\BoundMethod.php(34): Illuminate\\Container\\BoundMethod::callBoundMethod(Object(Illuminate\\Foundation\\Application), Array, Object(Closure))
#20 E:\\DESENVOLVIMENTO\\COMPUTACAO\\Equipac\\vendor\\laravel\\framework\\src\\Illuminate\\Container\\Container.php(580): Illuminate\\Container\\BoundMethod::call(Object(Illuminate\\Foundation\\Application), Array, Array, NULL)
#21 E:\\DESENVOLVIMENTO\\COMPUTACAO\\Equipac\\vendor\\laravel\\framework\\src\\Illuminate\\Database\\Seeder.php(122): Illuminate\\Container\\Container->call(Array)
#22 E:\\DESENVOLVIMENTO\\COMPUTACAO\\Equipac\\vendor\\laravel\\framework\\src\\Illuminate\\Database\\Console\\Seeds\\SeedCommand.php(63): Illuminate\\Database\\Seeder->__invoke()
#23 E:\\DESENVOLVIMENTO\\COMPUTACAO\\Equipac\\vendor\\laravel\\framework\\src\\Illuminate\\Database\\Eloquent\\Concerns\\GuardsAttributes.php(122): Illuminate\\Database\\Console\\Seeds\\SeedCommand->Illuminate\\Database\\Console\\Seeds\\{closure}()
#24 E:\\DESENVOLVIMENTO\\COMPUTACAO\\Equipac\\vendor\\laravel\\framework\\src\\Illuminate\\Database\\Console\\Seeds\\SeedCommand.php(64): Illuminate\\Database\\Eloquent\\Model::unguarded(Object(Closure))
#25 [internal function]: Illuminate\\Database\\Console\\Seeds\\SeedCommand->handle()
#26 E:\\DESENVOLVIMENTO\\COMPUTACAO\\Equipac\\vendor\\laravel\\framework\\src\\Illuminate\\Container\\BoundMethod.php(32): call_user_func_array(Array, Array)
#27 E:\\DESENVOLVIMENTO\\COMPUTACAO\\Equipac\\vendor\\laravel\\framework\\src\\Illuminate\\Container\\BoundMethod.php(90): Illuminate\\Container\\BoundMethod::Illuminate\\Container\\{closure}()
#28 E:\\DESENVOLVIMENTO\\COMPUTACAO\\Equipac\\vendor\\laravel\\framework\\src\\Illuminate\\Container\\BoundMethod.php(34): Illuminate\\Container\\BoundMethod::callBoundMethod(Object(Illuminate\\Foundation\\Application), Array, Object(Closure))
#29 E:\\DESENVOLVIMENTO\\COMPUTACAO\\Equipac\\vendor\\laravel\\framework\\src\\Illuminate\\Container\\Container.php(580): Illuminate\\Container\\BoundMethod::call(Object(Illuminate\\Foundation\\Application), Array, Array, NULL)
#30 E:\\DESENVOLVIMENTO\\COMPUTACAO\\Equipac\\vendor\\laravel\\framework\\src\\Illuminate\\Console\\Command.php(183): Illuminate\\Container\\Container->call(Array)
#31 E:\\DESENVOLVIMENTO\\COMPUTACAO\\Equipac\\vendor\\symfony\\console\\Command\\Command.php(255): Illuminate\\Console\\Command->execute(Object(Symfony\\Component\\Console\\Input\\ArgvInput), Object(Illuminate\\Console\\OutputStyle))
#32 E:\\DESENVOLVIMENTO\\COMPUTACAO\\Equipac\\vendor\\laravel\\framework\\src\\Illuminate\\Console\\Command.php(170): Symfony\\Component\\Console\\Command\\Command->run(Object(Symfony\\Component\\Console\\Input\\ArgvInput), Object(Illuminate\\Console\\OutputStyle))
#33 E:\\DESENVOLVIMENTO\\COMPUTACAO\\Equipac\\vendor\\symfony\\console\\Application.php(908): Illuminate\\Console\\Command->run(Object(Symfony\\Component\\Console\\Input\\ArgvInput), Object(Symfony\\Component\\Console\\Output\\ConsoleOutput))
#34 E:\\DESENVOLVIMENTO\\COMPUTACAO\\Equipac\\vendor\\symfony\\console\\Application.php(269): Symfony\\Component\\Console\\Application->doRunCommand(Object(Illuminate\\Database\\Console\\Seeds\\SeedCommand), Object(Symfony\\Component\\Console\\Input\\ArgvInput), Object(Symfony\\Component\\Console\\Output\\ConsoleOutput))
#35 E:\\DESENVOLVIMENTO\\COMPUTACAO\\Equipac\\vendor\\symfony\\console\\Application.php(145): Symfony\\Component\\Console\\Application->doRun(Object(Symfony\\Component\\Console\\Input\\ArgvInput), Object(Symfony\\Component\\Console\\Output\\ConsoleOutput))
#36 E:\\DESENVOLVIMENTO\\COMPUTACAO\\Equipac\\vendor\\laravel\\framework\\src\\Illuminate\\Console\\Application.php(90): Symfony\\Component\\Console\\Application->run(Object(Symfony\\Component\\Console\\Input\\ArgvInput), Object(Symfony\\Component\\Console\\Output\\ConsoleOutput))
#37 E:\\DESENVOLVIMENTO\\COMPUTACAO\\Equipac\\vendor\\laravel\\framework\\src\\Illuminate\\Foundation\\Console\\Kernel.php(122): Illuminate\\Console\\Application->run(Object(Symfony\\Component\\Console\\Input\\ArgvInput), Object(Symfony\\Component\\Console\\Output\\ConsoleOutput))
#38 E:\\DESENVOLVIMENTO\\COMPUTACAO\\Equipac\\artisan(37): Illuminate\\Foundation\\Console\\Kernel->handle(Object(Symfony\\Component\\Console\\Input\\ArgvInput), Object(Symfony\\Component\\Console\\Output\\ConsoleOutput))
#39 {main}
"} 
[2019-04-17 14:10:47] local.ERROR: Unknown formatter "cpf" {"exception":"[object] (InvalidArgumentException(code: 0): Unknown formatter \"cpf\" at E:\\DESENVOLVIMENTO\\COMPUTACAO\\Equipac\\vendor\\fzaninotto\\faker\\src\\Faker\\Generator.php:242)
[stacktrace]
#0 E:\\DESENVOLVIMENTO\\COMPUTACAO\\Equipac\\vendor\\fzaninotto\\faker\\src\\Faker\\Generator.php(222): Faker\\Generator->getFormatter('cpf')
#1 E:\\DESENVOLVIMENTO\\COMPUTACAO\\Equipac\\vendor\\fzaninotto\\faker\\src\\Faker\\Generator.php(279): Faker\\Generator->format('cpf', Array)
#2 [internal function]: Faker\\Generator->__call('cpf', Array)
#3 E:\\DESENVOLVIMENTO\\COMPUTACAO\\Equipac\\vendor\\fzaninotto\\faker\\src\\Faker\\UniqueGenerator.php(48): call_user_func_array(Array, Array)
#4 E:\\DESENVOLVIMENTO\\COMPUTACAO\\Equipac\\vendor\\fzaninotto\\faker\\src\\Faker\\UniqueGenerator.php(32): Faker\\UniqueGenerator->__call('cpf', Array)
#5 E:\\DESENVOLVIMENTO\\COMPUTACAO\\Equipac\\database\\factories\\UsuariosFactory.php(24): Faker\\UniqueGenerator->__get('cpf')
#6 [internal function]: Illuminate\\Database\\Eloquent\\Factory->{closure}(Object(Faker\\Generator), Array)
#7 E:\\DESENVOLVIMENTO\\COMPUTACAO\\Equipac\\vendor\\laravel\\framework\\src\\Illuminate\\Database\\Eloquent\\FactoryBuilder.php(273): call_user_func(Object(Closure), Object(Faker\\Generator), Array)
#8 E:\\DESENVOLVIMENTO\\COMPUTACAO\\Equipac\\vendor\\laravel\\framework\\src\\Illuminate\\Database\\Eloquent\\FactoryBuilder.php(292): Illuminate\\Database\\Eloquent\\FactoryBuilder->getRawAttributes(Array)
#9 E:\\DESENVOLVIMENTO\\COMPUTACAO\\Equipac\\vendor\\laravel\\framework\\src\\Illuminate\\Database\\Eloquent\\Concerns\\GuardsAttributes.php(116): Illuminate\\Database\\Eloquent\\FactoryBuilder->Illuminate\\Database\\Eloquent\\{closure}()
#10 E:\\DESENVOLVIMENTO\\COMPUTACAO\\Equipac\\vendor\\laravel\\framework\\src\\Illuminate\\Database\\Eloquent\\FactoryBuilder.php(300): Illuminate\\Database\\Eloquent\\Model::unguarded(Object(Closure))
#11 E:\\DESENVOLVIMENTO\\COMPUTACAO\\Equipac\\vendor\\laravel\\framework\\src\\Illuminate\\Database\\Eloquent\\FactoryBuilder.php(229): Illuminate\\Database\\Eloquent\\FactoryBuilder->makeInstance(Array)
#12 [internal function]: Illuminate\\Database\\Eloquent\\FactoryBuilder->Illuminate\\Database\\Eloquent\\{closure}(1)
#13 E:\\DESENVOLVIMENTO\\COMPUTACAO\\Equipac\\vendor\\laravel\\framework\\src\\Illuminate\\Database\\Eloquent\\FactoryBuilder.php(230): array_map(Object(Closure), Array)
#14 E:\\DESENVOLVIMENTO\\COMPUTACAO\\Equipac\\vendor\\laravel\\framework\\src\\Illuminate\\Database\\Eloquent\\FactoryBuilder.php(178): Illuminate\\Database\\Eloquent\\FactoryBuilder->make(Array)
#15 E:\\DESENVOLVIMENTO\\COMPUTACAO\\Equipac\\database\\seeds\\DatabaseSeeder.php(19): Illuminate\\Database\\Eloquent\\FactoryBuilder->create()
#16 [internal function]: DatabaseSeeder->run()
#17 E:\\DESENVOLVIMENTO\\COMPUTACAO\\Equipac\\vendor\\laravel\\framework\\src\\Illuminate\\Container\\BoundMethod.php(32): call_user_func_array(Array, Array)
#18 E:\\DESENVOLVIMENTO\\COMPUTACAO\\Equipac\\vendor\\laravel\\framework\\src\\Illuminate\\Container\\BoundMethod.php(90): Illuminate\\Container\\BoundMethod::Illuminate\\Container\\{closure}()
#19 E:\\DESENVOLVIMENTO\\COMPUTACAO\\Equipac\\vendor\\laravel\\framework\\src\\Illuminate\\Container\\BoundMethod.php(34): Illuminate\\Container\\BoundMethod::callBoundMethod(Object(Illuminate\\Foundation\\Application), Array, Object(Closure))
#20 E:\\DESENVOLVIMENTO\\COMPUTACAO\\Equipac\\vendor\\laravel\\framework\\src\\Illuminate\\Container\\Container.php(580): Illuminate\\Container\\BoundMethod::call(Object(Illuminate\\Foundation\\Application), Array, Array, NULL)
#21 E:\\DESENVOLVIMENTO\\COMPUTACAO\\Equipac\\vendor\\laravel\\framework\\src\\Illuminate\\Database\\Seeder.php(122): Illuminate\\Container\\Container->call(Array)
#22 E:\\DESENVOLVIMENTO\\COMPUTACAO\\Equipac\\vendor\\laravel\\framework\\src\\Illuminate\\Database\\Console\\Seeds\\SeedCommand.php(63): Illuminate\\Database\\Seeder->__invoke()
#23 E:\\DESENVOLVIMENTO\\COMPUTACAO\\Equipac\\vendor\\laravel\\framework\\src\\Illuminate\\Database\\Eloquent\\Concerns\\GuardsAttributes.php(122): Illuminate\\Database\\Console\\Seeds\\SeedCommand->Illuminate\\Database\\Console\\Seeds\\{closure}()
#24 E:\\DESENVOLVIMENTO\\COMPUTACAO\\Equipac\\vendor\\laravel\\framework\\src\\Illuminate\\Database\\Console\\Seeds\\SeedCommand.php(64): Illuminate\\Database\\Eloquent\\Model::unguarded(Object(Closure))
#25 [internal function]: Illuminate\\Database\\Console\\Seeds\\SeedCommand->handle()
#26 E:\\DESENVOLVIMENTO\\COMPUTACAO\\Equipac\\vendor\\laravel\\framework\\src\\Illuminate\\Container\\BoundMethod.php(32): call_user_func_array(Array, Array)
#27 E:\\DESENVOLVIMENTO\\COMPUTACAO\\Equipac\\vendor\\laravel\\framework\\src\\Illuminate\\Container\\BoundMethod.php(90): Illuminate\\Container\\BoundMethod::Illuminate\\Container\\{closure}()
#28 E:\\DESENVOLVIMENTO\\COMPUTACAO\\Equipac\\vendor\\laravel\\framework\\src\\Illuminate\\Container\\BoundMethod.php(34): Illuminate\\Container\\BoundMethod::callBoundMethod(Object(Illuminate\\Foundation\\Application), Array, Object(Closure))
#29 E:\\DESENVOLVIMENTO\\COMPUTACAO\\Equipac\\vendor\\laravel\\framework\\src\\Illuminate\\Container\\Container.php(580): Illuminate\\Container\\BoundMethod::call(Object(Illuminate\\Foundation\\Application), Array, Array, NULL)
#30 E:\\DESENVOLVIMENTO\\COMPUTACAO\\Equipac\\vendor\\laravel\\framework\\src\\Illuminate\\Console\\Command.php(183): Illuminate\\Container\\Container->call(Array)
#31 E:\\DESENVOLVIMENTO\\COMPUTACAO\\Equipac\\vendor\\symfony\\console\\Command\\Command.php(255): Illuminate\\Console\\Command->execute(Object(Symfony\\Component\\Console\\Input\\ArgvInput), Object(Illuminate\\Console\\OutputStyle))
#32 E:\\DESENVOLVIMENTO\\COMPUTACAO\\Equipac\\vendor\\laravel\\framework\\src\\Illuminate\\Console\\Command.php(170): Symfony\\Component\\Console\\Command\\Command->run(Object(Symfony\\Component\\Console\\Input\\ArgvInput), Object(Illuminate\\Console\\OutputStyle))
#33 E:\\DESENVOLVIMENTO\\COMPUTACAO\\Equipac\\vendor\\symfony\\console\\Application.php(908): Illuminate\\Console\\Command->run(Object(Symfony\\Component\\Console\\Input\\ArgvInput), Object(Symfony\\Component\\Console\\Output\\ConsoleOutput))
#34 E:\\DESENVOLVIMENTO\\COMPUTACAO\\Equipac\\vendor\\symfony\\console\\Application.php(269): Symfony\\Component\\Console\\Application->doRunCommand(Object(Illuminate\\Database\\Console\\Seeds\\SeedCommand), Object(Symfony\\Component\\Console\\Input\\ArgvInput), Object(Symfony\\Component\\Console\\Output\\ConsoleOutput))
#35 E:\\DESENVOLVIMENTO\\COMPUTACAO\\Equipac\\vendor\\symfony\\console\\Application.php(145): Symfony\\Component\\Console\\Application->doRun(Object(Symfony\\Component\\Console\\Input\\ArgvInput), Object(Symfony\\Component\\Console\\Output\\ConsoleOutput))
#36 E:\\DESENVOLVIMENTO\\COMPUTACAO\\Equipac\\vendor\\laravel\\framework\\src\\Illuminate\\Console\\Application.php(90): Symfony\\Component\\Console\\Application->run(Object(Symfony\\Component\\Console\\Input\\ArgvInput), Object(Symfony\\Component\\Console\\Output\\ConsoleOutput))
#37 E:\\DESENVOLVIMENTO\\COMPUTACAO\\Equipac\\vendor\\laravel\\framework\\src\\Illuminate\\Foundation\\Console\\Kernel.php(122): Illuminate\\Console\\Application->run(Object(Symfony\\Component\\Console\\Input\\ArgvInput), Object(Symfony\\Component\\Console\\Output\\ConsoleOutput))
#38 E:\\DESENVOLVIMENTO\\COMPUTACAO\\Equipac\\artisan(37): Illuminate\\Foundation\\Console\\Kernel->handle(Object(Symfony\\Component\\Console\\Input\\ArgvInput), Object(Symfony\\Component\\Console\\Output\\ConsoleOutput))
#39 {main}
"} 
[2019-04-17 14:11:37] local.ERROR: Unknown formatter "cpf" {"exception":"[object] (InvalidArgumentException(code: 0): Unknown formatter \"cpf\" at E:\\DESENVOLVIMENTO\\COMPUTACAO\\Equipac\\vendor\\fzaninotto\\faker\\src\\Faker\\Generator.php:242)
[stacktrace]
#0 E:\\DESENVOLVIMENTO\\COMPUTACAO\\Equipac\\vendor\\fzaninotto\\faker\\src\\Faker\\Generator.php(222): Faker\\Generator->getFormatter('cpf')
#1 E:\\DESENVOLVIMENTO\\COMPUTACAO\\Equipac\\vendor\\fzaninotto\\faker\\src\\Faker\\Generator.php(268): Faker\\Generator->format('cpf')
#2 E:\\DESENVOLVIMENTO\\COMPUTACAO\\Equipac\\database\\factories\\UsuariosFactory.php(24): Faker\\Generator->__get('cpf')
#3 [internal function]: Illuminate\\Database\\Eloquent\\Factory->{closure}(Object(Faker\\Generator), Array)
#4 E:\\DESENVOLVIMENTO\\COMPUTACAO\\Equipac\\vendor\\laravel\\framework\\src\\Illuminate\\Database\\Eloquent\\FactoryBuilder.php(273): call_user_func(Object(Closure), Object(Faker\\Generator), Array)
#5 E:\\DESENVOLVIMENTO\\COMPUTACAO\\Equipac\\vendor\\laravel\\framework\\src\\Illuminate\\Database\\Eloquent\\FactoryBuilder.php(292): Illuminate\\Database\\Eloquent\\FactoryBuilder->getRawAttributes(Array)
#6 E:\\DESENVOLVIMENTO\\COMPUTACAO\\Equipac\\vendor\\laravel\\framework\\src\\Illuminate\\Database\\Eloquent\\Concerns\\GuardsAttributes.php(116): Illuminate\\Database\\Eloquent\\FactoryBuilder->Illuminate\\Database\\Eloquent\\{closure}()
#7 E:\\DESENVOLVIMENTO\\COMPUTACAO\\Equipac\\vendor\\laravel\\framework\\src\\Illuminate\\Database\\Eloquent\\FactoryBuilder.php(300): Illuminate\\Database\\Eloquent\\Model::unguarded(Object(Closure))
#8 E:\\DESENVOLVIMENTO\\COMPUTACAO\\Equipac\\vendor\\laravel\\framework\\src\\Illuminate\\Database\\Eloquent\\FactoryBuilder.php(229): Illuminate\\Database\\Eloquent\\FactoryBuilder->makeInstance(Array)
#9 [internal function]: Illuminate\\Database\\Eloquent\\FactoryBuilder->Illuminate\\Database\\Eloquent\\{closure}(1)
#10 E:\\DESENVOLVIMENTO\\COMPUTACAO\\Equipac\\vendor\\laravel\\framework\\src\\Illuminate\\Database\\Eloquent\\FactoryBuilder.php(230): array_map(Object(Closure), Array)
#11 E:\\DESENVOLVIMENTO\\COMPUTACAO\\Equipac\\vendor\\laravel\\framework\\src\\Illuminate\\Database\\Eloquent\\FactoryBuilder.php(178): Illuminate\\Database\\Eloquent\\FactoryBuilder->make(Array)
#12 E:\\DESENVOLVIMENTO\\COMPUTACAO\\Equipac\\database\\seeds\\DatabaseSeeder.php(19): Illuminate\\Database\\Eloquent\\FactoryBuilder->create()
#13 [internal function]: DatabaseSeeder->run()
#14 E:\\DESENVOLVIMENTO\\COMPUTACAO\\Equipac\\vendor\\laravel\\framework\\src\\Illuminate\\Container\\BoundMethod.php(32): call_user_func_array(Array, Array)
#15 E:\\DESENVOLVIMENTO\\COMPUTACAO\\Equipac\\vendor\\laravel\\framework\\src\\Illuminate\\Container\\BoundMethod.php(90): Illuminate\\Container\\BoundMethod::Illuminate\\Container\\{closure}()
#16 E:\\DESENVOLVIMENTO\\COMPUTACAO\\Equipac\\vendor\\laravel\\framework\\src\\Illuminate\\Container\\BoundMethod.php(34): Illuminate\\Container\\BoundMethod::callBoundMethod(Object(Illuminate\\Foundation\\Application), Array, Object(Closure))
#17 E:\\DESENVOLVIMENTO\\COMPUTACAO\\Equipac\\vendor\\laravel\\framework\\src\\Illuminate\\Container\\Container.php(580): Illuminate\\Container\\BoundMethod::call(Object(Illuminate\\Foundation\\Application), Array, Array, NULL)
#18 E:\\DESENVOLVIMENTO\\COMPUTACAO\\Equipac\\vendor\\laravel\\framework\\src\\Illuminate\\Database\\Seeder.php(122): Illuminate\\Container\\Container->call(Array)
#19 E:\\DESENVOLVIMENTO\\COMPUTACAO\\Equipac\\vendor\\laravel\\framework\\src\\Illuminate\\Database\\Console\\Seeds\\SeedCommand.php(63): Illuminate\\Database\\Seeder->__invoke()
#20 E:\\DESENVOLVIMENTO\\COMPUTACAO\\Equipac\\vendor\\laravel\\framework\\src\\Illuminate\\Database\\Eloquent\\Concerns\\GuardsAttributes.php(122): Illuminate\\Database\\Console\\Seeds\\SeedCommand->Illuminate\\Database\\Console\\Seeds\\{closure}()
#21 E:\\DESENVOLVIMENTO\\COMPUTACAO\\Equipac\\vendor\\laravel\\framework\\src\\Illuminate\\Database\\Console\\Seeds\\SeedCommand.php(64): Illuminate\\Database\\Eloquent\\Model::unguarded(Object(Closure))
#22 [internal function]: Illuminate\\Database\\Console\\Seeds\\SeedCommand->handle()
#23 E:\\DESENVOLVIMENTO\\COMPUTACAO\\Equipac\\vendor\\laravel\\framework\\src\\Illuminate\\Container\\BoundMethod.php(32): call_user_func_array(Array, Array)
#24 E:\\DESENVOLVIMENTO\\COMPUTACAO\\Equipac\\vendor\\laravel\\framework\\src\\Illuminate\\Container\\BoundMethod.php(90): Illuminate\\Container\\BoundMethod::Illuminate\\Container\\{closure}()
#25 E:\\DESENVOLVIMENTO\\COMPUTACAO\\Equipac\\vendor\\laravel\\framework\\src\\Illuminate\\Container\\BoundMethod.php(34): Illuminate\\Container\\BoundMethod::callBoundMethod(Object(Illuminate\\Foundation\\Application), Array, Object(Closure))
#26 E:\\DESENVOLVIMENTO\\COMPUTACAO\\Equipac\\vendor\\laravel\\framework\\src\\Illuminate\\Container\\Container.php(580): Illuminate\\Container\\BoundMethod::call(Object(Illuminate\\Foundation\\Application), Array, Array, NULL)
#27 E:\\DESENVOLVIMENTO\\COMPUTACAO\\Equipac\\vendor\\laravel\\framework\\src\\Illuminate\\Console\\Command.php(183): Illuminate\\Container\\Container->call(Array)
#28 E:\\DESENVOLVIMENTO\\COMPUTACAO\\Equipac\\vendor\\symfony\\console\\Command\\Command.php(255): Illuminate\\Console\\Command->execute(Object(Symfony\\Component\\Console\\Input\\ArgvInput), Object(Illuminate\\Console\\OutputStyle))
#29 E:\\DESENVOLVIMENTO\\COMPUTACAO\\Equipac\\vendor\\laravel\\framework\\src\\Illuminate\\Console\\Command.php(170): Symfony\\Component\\Console\\Command\\Command->run(Object(Symfony\\Component\\Console\\Input\\ArgvInput), Object(Illuminate\\Console\\OutputStyle))
#30 E:\\DESENVOLVIMENTO\\COMPUTACAO\\Equipac\\vendor\\symfony\\console\\Application.php(908): Illuminate\\Console\\Command->run(Object(Symfony\\Component\\Console\\Input\\ArgvInput), Object(Symfony\\Component\\Console\\Output\\ConsoleOutput))
#31 E:\\DESENVOLVIMENTO\\COMPUTACAO\\Equipac\\vendor\\symfony\\console\\Application.php(269): Symfony\\Component\\Console\\Application->doRunCommand(Object(Illuminate\\Database\\Console\\Seeds\\SeedCommand), Object(Symfony\\Component\\Console\\Input\\ArgvInput), Object(Symfony\\Component\\Console\\Output\\ConsoleOutput))
#32 E:\\DESENVOLVIMENTO\\COMPUTACAO\\Equipac\\vendor\\symfony\\console\\Application.php(145): Symfony\\Component\\Console\\Application->doRun(Object(Symfony\\Component\\Console\\Input\\ArgvInput), Object(Symfony\\Component\\Console\\Output\\ConsoleOutput))
#33 E:\\DESENVOLVIMENTO\\COMPUTACAO\\Equipac\\vendor\\laravel\\framework\\src\\Illuminate\\Console\\Application.php(90): Symfony\\Component\\Console\\Application->run(Object(Symfony\\Component\\Console\\Input\\ArgvInput), Object(Symfony\\Component\\Console\\Output\\ConsoleOutput))
#34 E:\\DESENVOLVIMENTO\\COMPUTACAO\\Equipac\\vendor\\laravel\\framework\\src\\Illuminate\\Foundation\\Console\\Kernel.php(122): Illuminate\\Console\\Application->run(Object(Symfony\\Component\\Console\\Input\\ArgvInput), Object(Symfony\\Component\\Console\\Output\\ConsoleOutput))
#35 E:\\DESENVOLVIMENTO\\COMPUTACAO\\Equipac\\artisan(37): Illuminate\\Foundation\\Console\\Kernel->handle(Object(Symfony\\Component\\Console\\Input\\ArgvInput), Object(Symfony\\Component\\Console\\Output\\ConsoleOutput))
#36 {main}
"} 
[2019-04-17 14:17:09] local.ERROR: SQLSTATE[HY000] [2054] The server requested authentication method unknown to the client (SQL: insert into `usuario` (`nome`, `password`, `cargo`, `cpf`, `email`, `updated_at`, `created_at`) values (Srta. Ana Ornela Carmona Filho, hdelatorre, reiciendis, 662.805.331-82, duarte.emanuel@example.com, 2019-04-17 14:17:07, 2019-04-17 14:17:07)) {"exception":"[object] (Illuminate\\Database\\QueryException(code: 2054): SQLSTATE[HY000] [2054] The server requested authentication method unknown to the client (SQL: insert into `usuario` (`nome`, `password`, `cargo`, `cpf`, `email`, `updated_at`, `created_at`) values (Srta. Ana Ornela Carmona Filho, hdelatorre, reiciendis, 662.805.331-82, duarte.emanuel@example.com, 2019-04-17 14:17:07, 2019-04-17 14:17:07)) at E:\\DESENVOLVIMENTO\\COMPUTACAO\\Equipac\\vendor\\laravel\\framework\\src\\Illuminate\\Database\\Connection.php:664, PDOException(code: 2054): SQLSTATE[HY000] [2054] The server requested authentication method unknown to the client at E:\\DESENVOLVIMENTO\\COMPUTACAO\\Equipac\\vendor\\laravel\\framework\\src\\Illuminate\\Database\\Connectors\\Connector.php:70, PDOException(code: 0): PDO::__construct(): The server requested authentication method unknown to the client [caching_sha2_password] at E:\\DESENVOLVIMENTO\\COMPUTACAO\\Equipac\\vendor\\laravel\\framework\\src\\Illuminate\\Database\\Connectors\\Connector.php:70)
[stacktrace]
#0 E:\\DESENVOLVIMENTO\\COMPUTACAO\\Equipac\\vendor\\laravel\\framework\\src\\Illuminate\\Database\\Connection.php(624): Illuminate\\Database\\Connection->runQueryCallback('insert into `us...', Array, Object(Closure))
#1 E:\\DESENVOLVIMENTO\\COMPUTACAO\\Equipac\\vendor\\laravel\\framework\\src\\Illuminate\\Database\\Connection.php(459): Illuminate\\Database\\Connection->run('insert into `us...', Array, Object(Closure))
#2 E:\\DESENVOLVIMENTO\\COMPUTACAO\\Equipac\\vendor\\laravel\\framework\\src\\Illuminate\\Database\\Connection.php(411): Illuminate\\Database\\Connection->statement('insert into `us...', Array)
#3 E:\\DESENVOLVIMENTO\\COMPUTACAO\\Equipac\\vendor\\laravel\\framework\\src\\Illuminate\\Database\\Query\\Processors\\Processor.php(32): Illuminate\\Database\\Connection->insert('insert into `us...', Array)
#4 E:\\DESENVOLVIMENTO\\COMPUTACAO\\Equipac\\vendor\\laravel\\framework\\src\\Illuminate\\Database\\Query\\Builder.php(2668): Illuminate\\Database\\Query\\Processors\\Processor->processInsertGetId(Object(Illuminate\\Database\\Query\\Builder), 'insert into `us...', Array, 'id')
#5 E:\\DESENVOLVIMENTO\\COMPUTACAO\\Equipac\\vendor\\laravel\\framework\\src\\Illuminate\\Database\\Eloquent\\Builder.php(1347): Illuminate\\Database\\Query\\Builder->insertGetId(Array, 'id')
#6 E:\\DESENVOLVIMENTO\\COMPUTACAO\\Equipac\\vendor\\laravel\\framework\\src\\Illuminate\\Database\\Eloquent\\Model.php(835): Illuminate\\Database\\Eloquent\\Builder->__call('insertGetId', Array)
#7 E:\\DESENVOLVIMENTO\\COMPUTACAO\\Equipac\\vendor\\laravel\\framework\\src\\Illuminate\\Database\\Eloquent\\Model.php(800): Illuminate\\Database\\Eloquent\\Model->insertAndSetId(Object(Illuminate\\Database\\Eloquent\\Builder), Array)
#8 E:\\DESENVOLVIMENTO\\COMPUTACAO\\Equipac\\vendor\\laravel\\framework\\src\\Illuminate\\Database\\Eloquent\\Model.php(663): Illuminate\\Database\\Eloquent\\Model->performInsert(Object(Illuminate\\Database\\Eloquent\\Builder))
#9 E:\\DESENVOLVIMENTO\\COMPUTACAO\\Equipac\\vendor\\laravel\\framework\\src\\Illuminate\\Database\\Eloquent\\FactoryBuilder.php(206): Illuminate\\Database\\Eloquent\\Model->save()
#10 E:\\DESENVOLVIMENTO\\COMPUTACAO\\Equipac\\vendor\\laravel\\framework\\src\\Illuminate\\Support\\Collection.php(477): Illuminate\\Database\\Eloquent\\FactoryBuilder->Illuminate\\Database\\Eloquent\\{closure}(Object(equipac\\Models\\Usuarios), 0)
#11 E:\\DESENVOLVIMENTO\\COMPUTACAO\\Equipac\\vendor\\laravel\\framework\\src\\Illuminate\\Database\\Eloquent\\FactoryBuilder.php(207): Illuminate\\Support\\Collection->each(Object(Closure))
#12 E:\\DESENVOLVIMENTO\\COMPUTACAO\\Equipac\\vendor\\laravel\\framework\\src\\Illuminate\\Database\\Eloquent\\FactoryBuilder.php(185): Illuminate\\Database\\Eloquent\\FactoryBuilder->store(Object(Illuminate\\Database\\Eloquent\\Collection))
#13 E:\\DESENVOLVIMENTO\\COMPUTACAO\\Equipac\\database\\seeds\\DatabaseSeeder.php(19): Illuminate\\Database\\Eloquent\\FactoryBuilder->create()
#14 [internal function]: DatabaseSeeder->run()
#15 E:\\DESENVOLVIMENTO\\COMPUTACAO\\Equipac\\vendor\\laravel\\framework\\src\\Illuminate\\Container\\BoundMethod.php(32): call_user_func_array(Array, Array)
#16 E:\\DESENVOLVIMENTO\\COMPUTACAO\\Equipac\\vendor\\laravel\\framework\\src\\Illuminate\\Container\\BoundMethod.php(90): Illuminate\\Container\\BoundMethod::Illuminate\\Container\\{closure}()
#17 E:\\DESENVOLVIMENTO\\COMPUTACAO\\Equipac\\vendor\\laravel\\framework\\src\\Illuminate\\Container\\BoundMethod.php(34): Illuminate\\Container\\BoundMethod::callBoundMethod(Object(Illuminate\\Foundation\\Application), Array, Object(Closure))
#18 E:\\DESENVOLVIMENTO\\COMPUTACAO\\Equipac\\vendor\\laravel\\framework\\src\\Illuminate\\Container\\Container.php(580): Illuminate\\Container\\BoundMethod::call(Object(Illuminate\\Foundation\\Application), Array, Array, NULL)
#19 E:\\DESENVOLVIMENTO\\COMPUTACAO\\Equipac\\vendor\\laravel\\framework\\src\\Illuminate\\Database\\Seeder.php(122): Illuminate\\Container\\Container->call(Array)
#20 E:\\DESENVOLVIMENTO\\COMPUTACAO\\Equipac\\vendor\\laravel\\framework\\src\\Illuminate\\Database\\Console\\Seeds\\SeedCommand.php(63): Illuminate\\Database\\Seeder->__invoke()
#21 E:\\DESENVOLVIMENTO\\COMPUTACAO\\Equipac\\vendor\\laravel\\framework\\src\\Illuminate\\Database\\Eloquent\\Concerns\\GuardsAttributes.php(122): Illuminate\\Database\\Console\\Seeds\\SeedCommand->Illuminate\\Database\\Console\\Seeds\\{closure}()
#22 E:\\DESENVOLVIMENTO\\COMPUTACAO\\Equipac\\vendor\\laravel\\framework\\src\\Illuminate\\Database\\Console\\Seeds\\SeedCommand.php(64): Illuminate\\Database\\Eloquent\\Model::unguarded(Object(Closure))
#23 [internal function]: Illuminate\\Database\\Console\\Seeds\\SeedCommand->handle()
#24 E:\\DESENVOLVIMENTO\\COMPUTACAO\\Equipac\\vendor\\laravel\\framework\\src\\Illuminate\\Container\\BoundMethod.php(32): call_user_func_array(Array, Array)
#25 E:\\DESENVOLVIMENTO\\COMPUTACAO\\Equipac\\vendor\\laravel\\framework\\src\\Illuminate\\Container\\BoundMethod.php(90): Illuminate\\Container\\BoundMethod::Illuminate\\Container\\{closure}()
#26 E:\\DESENVOLVIMENTO\\COMPUTACAO\\Equipac\\vendor\\laravel\\framework\\src\\Illuminate\\Container\\BoundMethod.php(34): Illuminate\\Container\\BoundMethod::callBoundMethod(Object(Illuminate\\Foundation\\Application), Array, Object(Closure))
#27 E:\\DESENVOLVIMENTO\\COMPUTACAO\\Equipac\\vendor\\laravel\\framework\\src\\Illuminate\\Container\\Container.php(580): Illuminate\\Container\\BoundMethod::call(Object(Illuminate\\Foundation\\Application), Array, Array, NULL)
#28 E:\\DESENVOLVIMENTO\\COMPUTACAO\\Equipac\\vendor\\laravel\\framework\\src\\Illuminate\\Console\\Command.php(183): Illuminate\\Container\\Container->call(Array)
#29 E:\\DESENVOLVIMENTO\\COMPUTACAO\\Equipac\\vendor\\symfony\\console\\Command\\Command.php(255): Illuminate\\Console\\Command->execute(Object(Symfony\\Component\\Console\\Input\\ArgvInput), Object(Illuminate\\Console\\OutputStyle))
#30 E:\\DESENVOLVIMENTO\\COMPUTACAO\\Equipac\\vendor\\laravel\\framework\\src\\Illuminate\\Console\\Command.php(170): Symfony\\Component\\Console\\Command\\Command->run(Object(Symfony\\Component\\Console\\Input\\ArgvInput), Object(Illuminate\\Console\\OutputStyle))
#31 E:\\DESENVOLVIMENTO\\COMPUTACAO\\Equipac\\vendor\\symfony\\console\\Application.php(908): Illuminate\\Console\\Command->run(Object(Symfony\\Component\\Console\\Input\\ArgvInput), Object(Symfony\\Component\\Console\\Output\\ConsoleOutput))
#32 E:\\DESENVOLVIMENTO\\COMPUTACAO\\Equipac\\vendor\\symfony\\console\\Application.php(269): Symfony\\Component\\Console\\Application->doRunCommand(Object(Illuminate\\Database\\Console\\Seeds\\SeedCommand), Object(Symfony\\Component\\Console\\Input\\ArgvInput), Object(Symfony\\Component\\Console\\Output\\ConsoleOutput))
#33 E:\\DESENVOLVIMENTO\\COMPUTACAO\\Equipac\\vendor\\symfony\\console\\Application.php(145): Symfony\\Component\\Console\\Application->doRun(Object(Symfony\\Component\\Console\\Input\\ArgvInput), Object(Symfony\\Component\\Console\\Output\\ConsoleOutput))
#34 E:\\DESENVOLVIMENTO\\COMPUTACAO\\Equipac\\vendor\\laravel\\framework\\src\\Illuminate\\Console\\Application.php(90): Symfony\\Component\\Console\\Application->run(Object(Symfony\\Component\\Console\\Input\\ArgvInput), Object(Symfony\\Component\\Console\\Output\\ConsoleOutput))
#35 E:\\DESENVOLVIMENTO\\COMPUTACAO\\Equipac\\vendor\\laravel\\framework\\src\\Illuminate\\Foundation\\Console\\Kernel.php(122): Illuminate\\Console\\Application->run(Object(Symfony\\Component\\Console\\Input\\ArgvInput), Object(Symfony\\Component\\Console\\Output\\ConsoleOutput))
#36 E:\\DESENVOLVIMENTO\\COMPUTACAO\\Equipac\\artisan(37): Illuminate\\Foundation\\Console\\Kernel->handle(Object(Symfony\\Component\\Console\\Input\\ArgvInput), Object(Symfony\\Component\\Console\\Output\\ConsoleOutput))
#37 {main}
"} 
[2019-04-17 14:19:08] local.ERROR: SQLSTATE[HY000] [2054] The server requested authentication method unknown to the client (SQL: insert into `usuario` (`nome`, `password`, `cargo`, `cpf`, `email`, `updated_at`, `created_at`) values (Dr. Alexa Domingues Neto, quintana.salome, ab, 598.507.443-91, vitoria67@example.org, 2019-04-17 14:19:08, 2019-04-17 14:19:08)) {"exception":"[object] (Illuminate\\Database\\QueryException(code: 2054): SQLSTATE[HY000] [2054] The server requested authentication method unknown to the client (SQL: insert into `usuario` (`nome`, `password`, `cargo`, `cpf`, `email`, `updated_at`, `created_at`) values (Dr. Alexa Domingues Neto, quintana.salome, ab, 598.507.443-91, vitoria67@example.org, 2019-04-17 14:19:08, 2019-04-17 14:19:08)) at E:\\DESENVOLVIMENTO\\COMPUTACAO\\Equipac\\vendor\\laravel\\framework\\src\\Illuminate\\Database\\Connection.php:664, PDOException(code: 2054): SQLSTATE[HY000] [2054] The server requested authentication method unknown to the client at E:\\DESENVOLVIMENTO\\COMPUTACAO\\Equipac\\vendor\\laravel\\framework\\src\\Illuminate\\Database\\Connectors\\Connector.php:70, PDOException(code: 0): PDO::__construct(): The server requested authentication method unknown to the client [caching_sha2_password] at E:\\DESENVOLVIMENTO\\COMPUTACAO\\Equipac\\vendor\\laravel\\framework\\src\\Illuminate\\Database\\Connectors\\Connector.php:70)
[stacktrace]
#0 E:\\DESENVOLVIMENTO\\COMPUTACAO\\Equipac\\vendor\\laravel\\framework\\src\\Illuminate\\Database\\Connection.php(624): Illuminate\\Database\\Connection->runQueryCallback('insert into `us...', Array, Object(Closure))
#1 E:\\DESENVOLVIMENTO\\COMPUTACAO\\Equipac\\vendor\\laravel\\framework\\src\\Illuminate\\Database\\Connection.php(459): Illuminate\\Database\\Connection->run('insert into `us...', Array, Object(Closure))
#2 E:\\DESENVOLVIMENTO\\COMPUTACAO\\Equipac\\vendor\\laravel\\framework\\src\\Illuminate\\Database\\Connection.php(411): Illuminate\\Database\\Connection->statement('insert into `us...', Array)
#3 E:\\DESENVOLVIMENTO\\COMPUTACAO\\Equipac\\vendor\\laravel\\framework\\src\\Illuminate\\Database\\Query\\Processors\\Processor.php(32): Illuminate\\Database\\Connection->insert('insert into `us...', Array)
#4 E:\\DESENVOLVIMENTO\\COMPUTACAO\\Equipac\\vendor\\laravel\\framework\\src\\Illuminate\\Database\\Query\\Builder.php(2668): Illuminate\\Database\\Query\\Processors\\Processor->processInsertGetId(Object(Illuminate\\Database\\Query\\Builder), 'insert into `us...', Array, 'id')
#5 E:\\DESENVOLVIMENTO\\COMPUTACAO\\Equipac\\vendor\\laravel\\framework\\src\\Illuminate\\Database\\Eloquent\\Builder.php(1347): Illuminate\\Database\\Query\\Builder->insertGetId(Array, 'id')
#6 E:\\DESENVOLVIMENTO\\COMPUTACAO\\Equipac\\vendor\\laravel\\framework\\src\\Illuminate\\Database\\Eloquent\\Model.php(835): Illuminate\\Database\\Eloquent\\Builder->__call('insertGetId', Array)
#7 E:\\DESENVOLVIMENTO\\COMPUTACAO\\Equipac\\vendor\\laravel\\framework\\src\\Illuminate\\Database\\Eloquent\\Model.php(800): Illuminate\\Database\\Eloquent\\Model->insertAndSetId(Object(Illuminate\\Database\\Eloquent\\Builder), Array)
#8 E:\\DESENVOLVIMENTO\\COMPUTACAO\\Equipac\\vendor\\laravel\\framework\\src\\Illuminate\\Database\\Eloquent\\Model.php(663): Illuminate\\Database\\Eloquent\\Model->performInsert(Object(Illuminate\\Database\\Eloquent\\Builder))
#9 E:\\DESENVOLVIMENTO\\COMPUTACAO\\Equipac\\vendor\\laravel\\framework\\src\\Illuminate\\Database\\Eloquent\\FactoryBuilder.php(206): Illuminate\\Database\\Eloquent\\Model->save()
#10 E:\\DESENVOLVIMENTO\\COMPUTACAO\\Equipac\\vendor\\laravel\\framework\\src\\Illuminate\\Support\\Collection.php(477): Illuminate\\Database\\Eloquent\\FactoryBuilder->Illuminate\\Database\\Eloquent\\{closure}(Object(equipac\\Models\\Usuarios), 0)
#11 E:\\DESENVOLVIMENTO\\COMPUTACAO\\Equipac\\vendor\\laravel\\framework\\src\\Illuminate\\Database\\Eloquent\\FactoryBuilder.php(207): Illuminate\\Support\\Collection->each(Object(Closure))
#12 E:\\DESENVOLVIMENTO\\COMPUTACAO\\Equipac\\vendor\\laravel\\framework\\src\\Illuminate\\Database\\Eloquent\\FactoryBuilder.php(185): Illuminate\\Database\\Eloquent\\FactoryBuilder->store(Object(Illuminate\\Database\\Eloquent\\Collection))
#13 E:\\DESENVOLVIMENTO\\COMPUTACAO\\Equipac\\database\\seeds\\DatabaseSeeder.php(19): Illuminate\\Database\\Eloquent\\FactoryBuilder->create()
#14 [internal function]: DatabaseSeeder->run()
#15 E:\\DESENVOLVIMENTO\\COMPUTACAO\\Equipac\\vendor\\laravel\\framework\\src\\Illuminate\\Container\\BoundMethod.php(32): call_user_func_array(Array, Array)
#16 E:\\DESENVOLVIMENTO\\COMPUTACAO\\Equipac\\vendor\\laravel\\framework\\src\\Illuminate\\Container\\BoundMethod.php(90): Illuminate\\Container\\BoundMethod::Illuminate\\Container\\{closure}()
#17 E:\\DESENVOLVIMENTO\\COMPUTACAO\\Equipac\\vendor\\laravel\\framework\\src\\Illuminate\\Container\\BoundMethod.php(34): Illuminate\\Container\\BoundMethod::callBoundMethod(Object(Illuminate\\Foundation\\Application), Array, Object(Closure))
#18 E:\\DESENVOLVIMENTO\\COMPUTACAO\\Equipac\\vendor\\laravel\\framework\\src\\Illuminate\\Container\\Container.php(580): Illuminate\\Container\\BoundMethod::call(Object(Illuminate\\Foundation\\Application), Array, Array, NULL)
#19 E:\\DESENVOLVIMENTO\\COMPUTACAO\\Equipac\\vendor\\laravel\\framework\\src\\Illuminate\\Database\\Seeder.php(122): Illuminate\\Container\\Container->call(Array)
#20 E:\\DESENVOLVIMENTO\\COMPUTACAO\\Equipac\\vendor\\laravel\\framework\\src\\Illuminate\\Database\\Console\\Seeds\\SeedCommand.php(63): Illuminate\\Database\\Seeder->__invoke()
#21 E:\\DESENVOLVIMENTO\\COMPUTACAO\\Equipac\\vendor\\laravel\\framework\\src\\Illuminate\\Database\\Eloquent\\Concerns\\GuardsAttributes.php(122): Illuminate\\Database\\Console\\Seeds\\SeedCommand->Illuminate\\Database\\Console\\Seeds\\{closure}()
#22 E:\\DESENVOLVIMENTO\\COMPUTACAO\\Equipac\\vendor\\laravel\\framework\\src\\Illuminate\\Database\\Console\\Seeds\\SeedCommand.php(64): Illuminate\\Database\\Eloquent\\Model::unguarded(Object(Closure))
#23 [internal function]: Illuminate\\Database\\Console\\Seeds\\SeedCommand->handle()
#24 E:\\DESENVOLVIMENTO\\COMPUTACAO\\Equipac\\vendor\\laravel\\framework\\src\\Illuminate\\Container\\BoundMethod.php(32): call_user_func_array(Array, Array)
#25 E:\\DESENVOLVIMENTO\\COMPUTACAO\\Equipac\\vendor\\laravel\\framework\\src\\Illuminate\\Container\\BoundMethod.php(90): Illuminate\\Container\\BoundMethod::Illuminate\\Container\\{closure}()
#26 E:\\DESENVOLVIMENTO\\COMPUTACAO\\Equipac\\vendor\\laravel\\framework\\src\\Illuminate\\Container\\BoundMethod.php(34): Illuminate\\Container\\BoundMethod::callBoundMethod(Object(Illuminate\\Foundation\\Application), Array, Object(Closure))
#27 E:\\DESENVOLVIMENTO\\COMPUTACAO\\Equipac\\vendor\\laravel\\framework\\src\\Illuminate\\Container\\Container.php(580): Illuminate\\Container\\BoundMethod::call(Object(Illuminate\\Foundation\\Application), Array, Array, NULL)
#28 E:\\DESENVOLVIMENTO\\COMPUTACAO\\Equipac\\vendor\\laravel\\framework\\src\\Illuminate\\Console\\Command.php(183): Illuminate\\Container\\Container->call(Array)
#29 E:\\DESENVOLVIMENTO\\COMPUTACAO\\Equipac\\vendor\\symfony\\console\\Command\\Command.php(255): Illuminate\\Console\\Command->execute(Object(Symfony\\Component\\Console\\Input\\ArgvInput), Object(Illuminate\\Console\\OutputStyle))
#30 E:\\DESENVOLVIMENTO\\COMPUTACAO\\Equipac\\vendor\\laravel\\framework\\src\\Illuminate\\Console\\Command.php(170): Symfony\\Component\\Console\\Command\\Command->run(Object(Symfony\\Component\\Console\\Input\\ArgvInput), Object(Illuminate\\Console\\OutputStyle))
#31 E:\\DESENVOLVIMENTO\\COMPUTACAO\\Equipac\\vendor\\symfony\\console\\Application.php(908): Illuminate\\Console\\Command->run(Object(Symfony\\Component\\Console\\Input\\ArgvInput), Object(Symfony\\Component\\Console\\Output\\ConsoleOutput))
#32 E:\\DESENVOLVIMENTO\\COMPUTACAO\\Equipac\\vendor\\symfony\\console\\Application.php(269): Symfony\\Component\\Console\\Application->doRunCommand(Object(Illuminate\\Database\\Console\\Seeds\\SeedCommand), Object(Symfony\\Component\\Console\\Input\\ArgvInput), Object(Symfony\\Component\\Console\\Output\\ConsoleOutput))
#33 E:\\DESENVOLVIMENTO\\COMPUTACAO\\Equipac\\vendor\\symfony\\console\\Application.php(145): Symfony\\Component\\Console\\Application->doRun(Object(Symfony\\Component\\Console\\Input\\ArgvInput), Object(Symfony\\Component\\Console\\Output\\ConsoleOutput))
#34 E:\\DESENVOLVIMENTO\\COMPUTACAO\\Equipac\\vendor\\laravel\\framework\\src\\Illuminate\\Console\\Application.php(90): Symfony\\Component\\Console\\Application->run(Object(Symfony\\Component\\Console\\Input\\ArgvInput), Object(Symfony\\Component\\Console\\Output\\ConsoleOutput))
#35 E:\\DESENVOLVIMENTO\\COMPUTACAO\\Equipac\\vendor\\laravel\\framework\\src\\Illuminate\\Foundation\\Console\\Kernel.php(122): Illuminate\\Console\\Application->run(Object(Symfony\\Component\\Console\\Input\\ArgvInput), Object(Symfony\\Component\\Console\\Output\\ConsoleOutput))
#36 E:\\DESENVOLVIMENTO\\COMPUTACAO\\Equipac\\artisan(37): Illuminate\\Foundation\\Console\\Kernel->handle(Object(Symfony\\Component\\Console\\Input\\ArgvInput), Object(Symfony\\Component\\Console\\Output\\ConsoleOutput))
#37 {main}
"} 
[2019-04-17 14:20:17] local.ERROR: SQLSTATE[42S22]: Column not found: 1054 Unknown column 'updated_at' in 'field list' (SQL: insert into `usuario` (`nome`, `password`, `cargo`, `cpf`, `email`, `updated_at`, `created_at`) values (Michele Ferraz de Souza Jr., christopher45, earum, 723.240.301-10, assuncao.leandro@example.net, 2019-04-17 14:20:17, 2019-04-17 14:20:17)) {"exception":"[object] (Illuminate\\Database\\QueryException(code: 42S22): SQLSTATE[42S22]: Column not found: 1054 Unknown column 'updated_at' in 'field list' (SQL: insert into `usuario` (`nome`, `password`, `cargo`, `cpf`, `email`, `updated_at`, `created_at`) values (Michele Ferraz de Souza Jr., christopher45, earum, 723.240.301-10, assuncao.leandro@example.net, 2019-04-17 14:20:17, 2019-04-17 14:20:17)) at E:\\DESENVOLVIMENTO\\COMPUTACAO\\Equipac\\vendor\\laravel\\framework\\src\\Illuminate\\Database\\Connection.php:664, PDOException(code: 42S22): SQLSTATE[42S22]: Column not found: 1054 Unknown column 'updated_at' in 'field list' at E:\\DESENVOLVIMENTO\\COMPUTACAO\\Equipac\\vendor\\laravel\\framework\\src\\Illuminate\\Database\\Connection.php:452)
[stacktrace]
#0 E:\\DESENVOLVIMENTO\\COMPUTACAO\\Equipac\\vendor\\laravel\\framework\\src\\Illuminate\\Database\\Connection.php(624): Illuminate\\Database\\Connection->runQueryCallback('insert into `us...', Array, Object(Closure))
#1 E:\\DESENVOLVIMENTO\\COMPUTACAO\\Equipac\\vendor\\laravel\\framework\\src\\Illuminate\\Database\\Connection.php(459): Illuminate\\Database\\Connection->run('insert into `us...', Array, Object(Closure))
#2 E:\\DESENVOLVIMENTO\\COMPUTACAO\\Equipac\\vendor\\laravel\\framework\\src\\Illuminate\\Database\\Connection.php(411): Illuminate\\Database\\Connection->statement('insert into `us...', Array)
#3 E:\\DESENVOLVIMENTO\\COMPUTACAO\\Equipac\\vendor\\laravel\\framework\\src\\Illuminate\\Database\\Query\\Processors\\Processor.php(32): Illuminate\\Database\\Connection->insert('insert into `us...', Array)
#4 E:\\DESENVOLVIMENTO\\COMPUTACAO\\Equipac\\vendor\\laravel\\framework\\src\\Illuminate\\Database\\Query\\Builder.php(2668): Illuminate\\Database\\Query\\Processors\\Processor->processInsertGetId(Object(Illuminate\\Database\\Query\\Builder), 'insert into `us...', Array, 'id')
#5 E:\\DESENVOLVIMENTO\\COMPUTACAO\\Equipac\\vendor\\laravel\\framework\\src\\Illuminate\\Database\\Eloquent\\Builder.php(1347): Illuminate\\Database\\Query\\Builder->insertGetId(Array, 'id')
#6 E:\\DESENVOLVIMENTO\\COMPUTACAO\\Equipac\\vendor\\laravel\\framework\\src\\Illuminate\\Database\\Eloquent\\Model.php(835): Illuminate\\Database\\Eloquent\\Builder->__call('insertGetId', Array)
#7 E:\\DESENVOLVIMENTO\\COMPUTACAO\\Equipac\\vendor\\laravel\\framework\\src\\Illuminate\\Database\\Eloquent\\Model.php(800): Illuminate\\Database\\Eloquent\\Model->insertAndSetId(Object(Illuminate\\Database\\Eloquent\\Builder), Array)
#8 E:\\DESENVOLVIMENTO\\COMPUTACAO\\Equipac\\vendor\\laravel\\framework\\src\\Illuminate\\Database\\Eloquent\\Model.php(663): Illuminate\\Database\\Eloquent\\Model->performInsert(Object(Illuminate\\Database\\Eloquent\\Builder))
#9 E:\\DESENVOLVIMENTO\\COMPUTACAO\\Equipac\\vendor\\laravel\\framework\\src\\Illuminate\\Database\\Eloquent\\FactoryBuilder.php(206): Illuminate\\Database\\Eloquent\\Model->save()
#10 E:\\DESENVOLVIMENTO\\COMPUTACAO\\Equipac\\vendor\\laravel\\framework\\src\\Illuminate\\Support\\Collection.php(477): Illuminate\\Database\\Eloquent\\FactoryBuilder->Illuminate\\Database\\Eloquent\\{closure}(Object(equipac\\Models\\Usuarios), 0)
#11 E:\\DESENVOLVIMENTO\\COMPUTACAO\\Equipac\\vendor\\laravel\\framework\\src\\Illuminate\\Database\\Eloquent\\FactoryBuilder.php(207): Illuminate\\Support\\Collection->each(Object(Closure))
#12 E:\\DESENVOLVIMENTO\\COMPUTACAO\\Equipac\\vendor\\laravel\\framework\\src\\Illuminate\\Database\\Eloquent\\FactoryBuilder.php(185): Illuminate\\Database\\Eloquent\\FactoryBuilder->store(Object(Illuminate\\Database\\Eloquent\\Collection))
#13 E:\\DESENVOLVIMENTO\\COMPUTACAO\\Equipac\\database\\seeds\\DatabaseSeeder.php(19): Illuminate\\Database\\Eloquent\\FactoryBuilder->create()
#14 [internal function]: DatabaseSeeder->run()
#15 E:\\DESENVOLVIMENTO\\COMPUTACAO\\Equipac\\vendor\\laravel\\framework\\src\\Illuminate\\Container\\BoundMethod.php(32): call_user_func_array(Array, Array)
#16 E:\\DESENVOLVIMENTO\\COMPUTACAO\\Equipac\\vendor\\laravel\\framework\\src\\Illuminate\\Container\\BoundMethod.php(90): Illuminate\\Container\\BoundMethod::Illuminate\\Container\\{closure}()
#17 E:\\DESENVOLVIMENTO\\COMPUTACAO\\Equipac\\vendor\\laravel\\framework\\src\\Illuminate\\Container\\BoundMethod.php(34): Illuminate\\Container\\BoundMethod::callBoundMethod(Object(Illuminate\\Foundation\\Application), Array, Object(Closure))
#18 E:\\DESENVOLVIMENTO\\COMPUTACAO\\Equipac\\vendor\\laravel\\framework\\src\\Illuminate\\Container\\Container.php(580): Illuminate\\Container\\BoundMethod::call(Object(Illuminate\\Foundation\\Application), Array, Array, NULL)
#19 E:\\DESENVOLVIMENTO\\COMPUTACAO\\Equipac\\vendor\\laravel\\framework\\src\\Illuminate\\Database\\Seeder.php(122): Illuminate\\Container\\Container->call(Array)
#20 E:\\DESENVOLVIMENTO\\COMPUTACAO\\Equipac\\vendor\\laravel\\framework\\src\\Illuminate\\Database\\Console\\Seeds\\SeedCommand.php(63): Illuminate\\Database\\Seeder->__invoke()
#21 E:\\DESENVOLVIMENTO\\COMPUTACAO\\Equipac\\vendor\\laravel\\framework\\src\\Illuminate\\Database\\Eloquent\\Concerns\\GuardsAttributes.php(122): Illuminate\\Database\\Console\\Seeds\\SeedCommand->Illuminate\\Database\\Console\\Seeds\\{closure}()
#22 E:\\DESENVOLVIMENTO\\COMPUTACAO\\Equipac\\vendor\\laravel\\framework\\src\\Illuminate\\Database\\Console\\Seeds\\SeedCommand.php(64): Illuminate\\Database\\Eloquent\\Model::unguarded(Object(Closure))
#23 [internal function]: Illuminate\\Database\\Console\\Seeds\\SeedCommand->handle()
#24 E:\\DESENVOLVIMENTO\\COMPUTACAO\\Equipac\\vendor\\laravel\\framework\\src\\Illuminate\\Container\\BoundMethod.php(32): call_user_func_array(Array, Array)
#25 E:\\DESENVOLVIMENTO\\COMPUTACAO\\Equipac\\vendor\\laravel\\framework\\src\\Illuminate\\Container\\BoundMethod.php(90): Illuminate\\Container\\BoundMethod::Illuminate\\Container\\{closure}()
#26 E:\\DESENVOLVIMENTO\\COMPUTACAO\\Equipac\\vendor\\laravel\\framework\\src\\Illuminate\\Container\\BoundMethod.php(34): Illuminate\\Container\\BoundMethod::callBoundMethod(Object(Illuminate\\Foundation\\Application), Array, Object(Closure))
#27 E:\\DESENVOLVIMENTO\\COMPUTACAO\\Equipac\\vendor\\laravel\\framework\\src\\Illuminate\\Container\\Container.php(580): Illuminate\\Container\\BoundMethod::call(Object(Illuminate\\Foundation\\Application), Array, Array, NULL)
#28 E:\\DESENVOLVIMENTO\\COMPUTACAO\\Equipac\\vendor\\laravel\\framework\\src\\Illuminate\\Console\\Command.php(183): Illuminate\\Container\\Container->call(Array)
#29 E:\\DESENVOLVIMENTO\\COMPUTACAO\\Equipac\\vendor\\symfony\\console\\Command\\Command.php(255): Illuminate\\Console\\Command->execute(Object(Symfony\\Component\\Console\\Input\\ArgvInput), Object(Illuminate\\Console\\OutputStyle))
#30 E:\\DESENVOLVIMENTO\\COMPUTACAO\\Equipac\\vendor\\laravel\\framework\\src\\Illuminate\\Console\\Command.php(170): Symfony\\Component\\Console\\Command\\Command->run(Object(Symfony\\Component\\Console\\Input\\ArgvInput), Object(Illuminate\\Console\\OutputStyle))
#31 E:\\DESENVOLVIMENTO\\COMPUTACAO\\Equipac\\vendor\\symfony\\console\\Application.php(908): Illuminate\\Console\\Command->run(Object(Symfony\\Component\\Console\\Input\\ArgvInput), Object(Symfony\\Component\\Console\\Output\\ConsoleOutput))
#32 E:\\DESENVOLVIMENTO\\COMPUTACAO\\Equipac\\vendor\\symfony\\console\\Application.php(269): Symfony\\Component\\Console\\Application->doRunCommand(Object(Illuminate\\Database\\Console\\Seeds\\SeedCommand), Object(Symfony\\Component\\Console\\Input\\ArgvInput), Object(Symfony\\Component\\Console\\Output\\ConsoleOutput))
#33 E:\\DESENVOLVIMENTO\\COMPUTACAO\\Equipac\\vendor\\symfony\\console\\Application.php(145): Symfony\\Component\\Console\\Application->doRun(Object(Symfony\\Component\\Console\\Input\\ArgvInput), Object(Symfony\\Component\\Console\\Output\\ConsoleOutput))
#34 E:\\DESENVOLVIMENTO\\COMPUTACAO\\Equipac\\vendor\\laravel\\framework\\src\\Illuminate\\Console\\Application.php(90): Symfony\\Component\\Console\\Application->run(Object(Symfony\\Component\\Console\\Input\\ArgvInput), Object(Symfony\\Component\\Console\\Output\\ConsoleOutput))
#35 E:\\DESENVOLVIMENTO\\COMPUTACAO\\Equipac\\vendor\\laravel\\framework\\src\\Illuminate\\Foundation\\Console\\Kernel.php(122): Illuminate\\Console\\Application->run(Object(Symfony\\Component\\Console\\Input\\ArgvInput), Object(Symfony\\Component\\Console\\Output\\ConsoleOutput))
#36 E:\\DESENVOLVIMENTO\\COMPUTACAO\\Equipac\\artisan(37): Illuminate\\Foundation\\Console\\Kernel->handle(Object(Symfony\\Component\\Console\\Input\\ArgvInput), Object(Symfony\\Component\\Console\\Output\\ConsoleOutput))
#37 {main}
"} 
[2019-04-17 14:25:00] local.ERROR: SQLSTATE[42S22]: Column not found: 1054 Unknown column 'updated_at' in 'field list' (SQL: insert into `usuario` (`nome`, `password`, `cargo`, `cpf`, `email`, `updated_at`, `created_at`) values (Mrio Rodrigo Prado, emanuel84, aut, 605.128.369-22, ldomingues@example.net, 2019-04-17 14:25:00, 2019-04-17 14:25:00)) {"exception":"[object] (Illuminate\\Database\\QueryException(code: 42S22): SQLSTATE[42S22]: Column not found: 1054 Unknown column 'updated_at' in 'field list' (SQL: insert into `usuario` (`nome`, `password`, `cargo`, `cpf`, `email`, `updated_at`, `created_at`) values (Mrio Rodrigo Prado, emanuel84, aut, 605.128.369-22, ldomingues@example.net, 2019-04-17 14:25:00, 2019-04-17 14:25:00)) at E:\\DESENVOLVIMENTO\\COMPUTACAO\\Equipac\\vendor\\laravel\\framework\\src\\Illuminate\\Database\\Connection.php:664, PDOException(code: 42S22): SQLSTATE[42S22]: Column not found: 1054 Unknown column 'updated_at' in 'field list' at E:\\DESENVOLVIMENTO\\COMPUTACAO\\Equipac\\vendor\\laravel\\framework\\src\\Illuminate\\Database\\Connection.php:452)
[stacktrace]
#0 E:\\DESENVOLVIMENTO\\COMPUTACAO\\Equipac\\vendor\\laravel\\framework\\src\\Illuminate\\Database\\Connection.php(624): Illuminate\\Database\\Connection->runQueryCallback('insert into `us...', Array, Object(Closure))
#1 E:\\DESENVOLVIMENTO\\COMPUTACAO\\Equipac\\vendor\\laravel\\framework\\src\\Illuminate\\Database\\Connection.php(459): Illuminate\\Database\\Connection->run('insert into `us...', Array, Object(Closure))
#2 E:\\DESENVOLVIMENTO\\COMPUTACAO\\Equipac\\vendor\\laravel\\framework\\src\\Illuminate\\Database\\Connection.php(411): Illuminate\\Database\\Connection->statement('insert into `us...', Array)
#3 E:\\DESENVOLVIMENTO\\COMPUTACAO\\Equipac\\vendor\\laravel\\framework\\src\\Illuminate\\Database\\Query\\Processors\\Processor.php(32): Illuminate\\Database\\Connection->insert('insert into `us...', Array)
#4 E:\\DESENVOLVIMENTO\\COMPUTACAO\\Equipac\\vendor\\laravel\\framework\\src\\Illuminate\\Database\\Query\\Builder.php(2668): Illuminate\\Database\\Query\\Processors\\Processor->processInsertGetId(Object(Illuminate\\Database\\Query\\Builder), 'insert into `us...', Array, 'id')
#5 E:\\DESENVOLVIMENTO\\COMPUTACAO\\Equipac\\vendor\\laravel\\framework\\src\\Illuminate\\Database\\Eloquent\\Builder.php(1347): Illuminate\\Database\\Query\\Builder->insertGetId(Array, 'id')
#6 E:\\DESENVOLVIMENTO\\COMPUTACAO\\Equipac\\vendor\\laravel\\framework\\src\\Illuminate\\Database\\Eloquent\\Model.php(835): Illuminate\\Database\\Eloquent\\Builder->__call('insertGetId', Array)
#7 E:\\DESENVOLVIMENTO\\COMPUTACAO\\Equipac\\vendor\\laravel\\framework\\src\\Illuminate\\Database\\Eloquent\\Model.php(800): Illuminate\\Database\\Eloquent\\Model->insertAndSetId(Object(Illuminate\\Database\\Eloquent\\Builder), Array)
#8 E:\\DESENVOLVIMENTO\\COMPUTACAO\\Equipac\\vendor\\laravel\\framework\\src\\Illuminate\\Database\\Eloquent\\Model.php(663): Illuminate\\Database\\Eloquent\\Model->performInsert(Object(Illuminate\\Database\\Eloquent\\Builder))
#9 E:\\DESENVOLVIMENTO\\COMPUTACAO\\Equipac\\vendor\\laravel\\framework\\src\\Illuminate\\Database\\Eloquent\\FactoryBuilder.php(206): Illuminate\\Database\\Eloquent\\Model->save()
#10 E:\\DESENVOLVIMENTO\\COMPUTACAO\\Equipac\\vendor\\laravel\\framework\\src\\Illuminate\\Support\\Collection.php(477): Illuminate\\Database\\Eloquent\\FactoryBuilder->Illuminate\\Database\\Eloquent\\{closure}(Object(equipac\\Models\\Usuarios), 0)
#11 E:\\DESENVOLVIMENTO\\COMPUTACAO\\Equipac\\vendor\\laravel\\framework\\src\\Illuminate\\Database\\Eloquent\\FactoryBuilder.php(207): Illuminate\\Support\\Collection->each(Object(Closure))
#12 E:\\DESENVOLVIMENTO\\COMPUTACAO\\Equipac\\vendor\\laravel\\framework\\src\\Illuminate\\Database\\Eloquent\\FactoryBuilder.php(185): Illuminate\\Database\\Eloquent\\FactoryBuilder->store(Object(Illuminate\\Database\\Eloquent\\Collection))
#13 E:\\DESENVOLVIMENTO\\COMPUTACAO\\Equipac\\database\\seeds\\DatabaseSeeder.php(19): Illuminate\\Database\\Eloquent\\FactoryBuilder->create()
#14 [internal function]: DatabaseSeeder->run()
#15 E:\\DESENVOLVIMENTO\\COMPUTACAO\\Equipac\\vendor\\laravel\\framework\\src\\Illuminate\\Container\\BoundMethod.php(32): call_user_func_array(Array, Array)
#16 E:\\DESENVOLVIMENTO\\COMPUTACAO\\Equipac\\vendor\\laravel\\framework\\src\\Illuminate\\Container\\BoundMethod.php(90): Illuminate\\Container\\BoundMethod::Illuminate\\Container\\{closure}()
#17 E:\\DESENVOLVIMENTO\\COMPUTACAO\\Equipac\\vendor\\laravel\\framework\\src\\Illuminate\\Container\\BoundMethod.php(34): Illuminate\\Container\\BoundMethod::callBoundMethod(Object(Illuminate\\Foundation\\Application), Array, Object(Closure))
#18 E:\\DESENVOLVIMENTO\\COMPUTACAO\\Equipac\\vendor\\laravel\\framework\\src\\Illuminate\\Container\\Container.php(580): Illuminate\\Container\\BoundMethod::call(Object(Illuminate\\Foundation\\Application), Array, Array, NULL)
#19 E:\\DESENVOLVIMENTO\\COMPUTACAO\\Equipac\\vendor\\laravel\\framework\\src\\Illuminate\\Database\\Seeder.php(122): Illuminate\\Container\\Container->call(Array)
#20 E:\\DESENVOLVIMENTO\\COMPUTACAO\\Equipac\\vendor\\laravel\\framework\\src\\Illuminate\\Database\\Console\\Seeds\\SeedCommand.php(63): Illuminate\\Database\\Seeder->__invoke()
#21 E:\\DESENVOLVIMENTO\\COMPUTACAO\\Equipac\\vendor\\laravel\\framework\\src\\Illuminate\\Database\\Eloquent\\Concerns\\GuardsAttributes.php(122): Illuminate\\Database\\Console\\Seeds\\SeedCommand->Illuminate\\Database\\Console\\Seeds\\{closure}()
#22 E:\\DESENVOLVIMENTO\\COMPUTACAO\\Equipac\\vendor\\laravel\\framework\\src\\Illuminate\\Database\\Console\\Seeds\\SeedCommand.php(64): Illuminate\\Database\\Eloquent\\Model::unguarded(Object(Closure))
#23 [internal function]: Illuminate\\Database\\Console\\Seeds\\SeedCommand->handle()
#24 E:\\DESENVOLVIMENTO\\COMPUTACAO\\Equipac\\vendor\\laravel\\framework\\src\\Illuminate\\Container\\BoundMethod.php(32): call_user_func_array(Array, Array)
#25 E:\\DESENVOLVIMENTO\\COMPUTACAO\\Equipac\\vendor\\laravel\\framework\\src\\Illuminate\\Container\\BoundMethod.php(90): Illuminate\\Container\\BoundMethod::Illuminate\\Container\\{closure}()
#26 E:\\DESENVOLVIMENTO\\COMPUTACAO\\Equipac\\vendor\\laravel\\framework\\src\\Illuminate\\Container\\BoundMethod.php(34): Illuminate\\Container\\BoundMethod::callBoundMethod(Object(Illuminate\\Foundation\\Application), Array, Object(Closure))
#27 E:\\DESENVOLVIMENTO\\COMPUTACAO\\Equipac\\vendor\\laravel\\framework\\src\\Illuminate\\Container\\Container.php(580): Illuminate\\Container\\BoundMethod::call(Object(Illuminate\\Foundation\\Application), Array, Array, NULL)
#28 E:\\DESENVOLVIMENTO\\COMPUTACAO\\Equipac\\vendor\\laravel\\framework\\src\\Illuminate\\Console\\Command.php(183): Illuminate\\Container\\Container->call(Array)
#29 E:\\DESENVOLVIMENTO\\COMPUTACAO\\Equipac\\vendor\\symfony\\console\\Command\\Command.php(255): Illuminate\\Console\\Command->execute(Object(Symfony\\Component\\Console\\Input\\ArgvInput), Object(Illuminate\\Console\\OutputStyle))
#30 E:\\DESENVOLVIMENTO\\COMPUTACAO\\Equipac\\vendor\\laravel\\framework\\src\\Illuminate\\Console\\Command.php(170): Symfony\\Component\\Console\\Command\\Command->run(Object(Symfony\\Component\\Console\\Input\\ArgvInput), Object(Illuminate\\Console\\OutputStyle))
#31 E:\\DESENVOLVIMENTO\\COMPUTACAO\\Equipac\\vendor\\symfony\\console\\Application.php(908): Illuminate\\Console\\Command->run(Object(Symfony\\Component\\Console\\Input\\ArgvInput), Object(Symfony\\Component\\Console\\Output\\ConsoleOutput))
#32 E:\\DESENVOLVIMENTO\\COMPUTACAO\\Equipac\\vendor\\symfony\\console\\Application.php(269): Symfony\\Component\\Console\\Application->doRunCommand(Object(Illuminate\\Database\\Console\\Seeds\\SeedCommand), Object(Symfony\\Component\\Console\\Input\\ArgvInput), Object(Symfony\\Component\\Console\\Output\\ConsoleOutput))
#33 E:\\DESENVOLVIMENTO\\COMPUTACAO\\Equipac\\vendor\\symfony\\console\\Application.php(145): Symfony\\Component\\Console\\Application->doRun(Object(Symfony\\Component\\Console\\Input\\ArgvInput), Object(Symfony\\Component\\Console\\Output\\ConsoleOutput))
#34 E:\\DESENVOLVIMENTO\\COMPUTACAO\\Equipac\\vendor\\laravel\\framework\\src\\Illuminate\\Console\\Application.php(90): Symfony\\Component\\Console\\Application->run(Object(Symfony\\Component\\Console\\Input\\ArgvInput), Object(Symfony\\Component\\Console\\Output\\ConsoleOutput))
#35 E:\\DESENVOLVIMENTO\\COMPUTACAO\\Equipac\\vendor\\laravel\\framework\\src\\Illuminate\\Foundation\\Console\\Kernel.php(122): Illuminate\\Console\\Application->run(Object(Symfony\\Component\\Console\\Input\\ArgvInput), Object(Symfony\\Component\\Console\\Output\\ConsoleOutput))
#36 E:\\DESENVOLVIMENTO\\COMPUTACAO\\Equipac\\artisan(37): Illuminate\\Foundation\\Console\\Kernel->handle(Object(Symfony\\Component\\Console\\Input\\ArgvInput), Object(Symfony\\Component\\Console\\Output\\ConsoleOutput))
#37 {main}
"} 
[2019-04-17 14:26:40] local.ERROR: SQLSTATE[42S22]: Column not found: 1054 Unknown column 'updated_at' in 'field list' (SQL: insert into `usuario` (`nome`, `password`, `cargo`, `cpf`, `email`, `updated_at`, `created_at`) values (Beatriz Clara Pontes, queiros.suzana, ut, 533.456.777-17, violeta.deoliveira@example.net, 2019-04-17 14:26:40, 2019-04-17 14:26:40)) {"exception":"[object] (Illuminate\\Database\\QueryException(code: 42S22): SQLSTATE[42S22]: Column not found: 1054 Unknown column 'updated_at' in 'field list' (SQL: insert into `usuario` (`nome`, `password`, `cargo`, `cpf`, `email`, `updated_at`, `created_at`) values (Beatriz Clara Pontes, queiros.suzana, ut, 533.456.777-17, violeta.deoliveira@example.net, 2019-04-17 14:26:40, 2019-04-17 14:26:40)) at E:\\DESENVOLVIMENTO\\COMPUTACAO\\Equipac\\vendor\\laravel\\framework\\src\\Illuminate\\Database\\Connection.php:664, PDOException(code: 42S22): SQLSTATE[42S22]: Column not found: 1054 Unknown column 'updated_at' in 'field list' at E:\\DESENVOLVIMENTO\\COMPUTACAO\\Equipac\\vendor\\laravel\\framework\\src\\Illuminate\\Database\\Connection.php:452)
[stacktrace]
#0 E:\\DESENVOLVIMENTO\\COMPUTACAO\\Equipac\\vendor\\laravel\\framework\\src\\Illuminate\\Database\\Connection.php(624): Illuminate\\Database\\Connection->runQueryCallback('insert into `us...', Array, Object(Closure))
#1 E:\\DESENVOLVIMENTO\\COMPUTACAO\\Equipac\\vendor\\laravel\\framework\\src\\Illuminate\\Database\\Connection.php(459): Illuminate\\Database\\Connection->run('insert into `us...', Array, Object(Closure))
#2 E:\\DESENVOLVIMENTO\\COMPUTACAO\\Equipac\\vendor\\laravel\\framework\\src\\Illuminate\\Database\\Connection.php(411): Illuminate\\Database\\Connection->statement('insert into `us...', Array)
#3 E:\\DESENVOLVIMENTO\\COMPUTACAO\\Equipac\\vendor\\laravel\\framework\\src\\Illuminate\\Database\\Query\\Processors\\Processor.php(32): Illuminate\\Database\\Connection->insert('insert into `us...', Array)
#4 E:\\DESENVOLVIMENTO\\COMPUTACAO\\Equipac\\vendor\\laravel\\framework\\src\\Illuminate\\Database\\Query\\Builder.php(2668): Illuminate\\Database\\Query\\Processors\\Processor->processInsertGetId(Object(Illuminate\\Database\\Query\\Builder), 'insert into `us...', Array, 'id')
#5 E:\\DESENVOLVIMENTO\\COMPUTACAO\\Equipac\\vendor\\laravel\\framework\\src\\Illuminate\\Database\\Eloquent\\Builder.php(1347): Illuminate\\Database\\Query\\Builder->insertGetId(Array, 'id')
#6 E:\\DESENVOLVIMENTO\\COMPUTACAO\\Equipac\\vendor\\laravel\\framework\\src\\Illuminate\\Database\\Eloquent\\Model.php(835): Illuminate\\Database\\Eloquent\\Builder->__call('insertGetId', Array)
#7 E:\\DESENVOLVIMENTO\\COMPUTACAO\\Equipac\\vendor\\laravel\\framework\\src\\Illuminate\\Database\\Eloquent\\Model.php(800): Illuminate\\Database\\Eloquent\\Model->insertAndSetId(Object(Illuminate\\Database\\Eloquent\\Builder), Array)
#8 E:\\DESENVOLVIMENTO\\COMPUTACAO\\Equipac\\vendor\\laravel\\framework\\src\\Illuminate\\Database\\Eloquent\\Model.php(663): Illuminate\\Database\\Eloquent\\Model->performInsert(Object(Illuminate\\Database\\Eloquent\\Builder))
#9 E:\\DESENVOLVIMENTO\\COMPUTACAO\\Equipac\\vendor\\laravel\\framework\\src\\Illuminate\\Database\\Eloquent\\FactoryBuilder.php(206): Illuminate\\Database\\Eloquent\\Model->save()
#10 E:\\DESENVOLVIMENTO\\COMPUTACAO\\Equipac\\vendor\\laravel\\framework\\src\\Illuminate\\Support\\Collection.php(477): Illuminate\\Database\\Eloquent\\FactoryBuilder->Illuminate\\Database\\Eloquent\\{closure}(Object(equipac\\Models\\Usuarios), 0)
#11 E:\\DESENVOLVIMENTO\\COMPUTACAO\\Equipac\\vendor\\laravel\\framework\\src\\Illuminate\\Database\\Eloquent\\FactoryBuilder.php(207): Illuminate\\Support\\Collection->each(Object(Closure))
#12 E:\\DESENVOLVIMENTO\\COMPUTACAO\\Equipac\\vendor\\laravel\\framework\\src\\Illuminate\\Database\\Eloquent\\FactoryBuilder.php(185): Illuminate\\Database\\Eloquent\\FactoryBuilder->store(Object(Illuminate\\Database\\Eloquent\\Collection))
#13 E:\\DESENVOLVIMENTO\\COMPUTACAO\\Equipac\\database\\seeds\\DatabaseSeeder.php(19): Illuminate\\Database\\Eloquent\\FactoryBuilder->create()
#14 [internal function]: DatabaseSeeder->run()
#15 E:\\DESENVOLVIMENTO\\COMPUTACAO\\Equipac\\vendor\\laravel\\framework\\src\\Illuminate\\Container\\BoundMethod.php(32): call_user_func_array(Array, Array)
#16 E:\\DESENVOLVIMENTO\\COMPUTACAO\\Equipac\\vendor\\laravel\\framework\\src\\Illuminate\\Container\\BoundMethod.php(90): Illuminate\\Container\\BoundMethod::Illuminate\\Container\\{closure}()
#17 E:\\DESENVOLVIMENTO\\COMPUTACAO\\Equipac\\vendor\\laravel\\framework\\src\\Illuminate\\Container\\BoundMethod.php(34): Illuminate\\Container\\BoundMethod::callBoundMethod(Object(Illuminate\\Foundation\\Application), Array, Object(Closure))
#18 E:\\DESENVOLVIMENTO\\COMPUTACAO\\Equipac\\vendor\\laravel\\framework\\src\\Illuminate\\Container\\Container.php(580): Illuminate\\Container\\BoundMethod::call(Object(Illuminate\\Foundation\\Application), Array, Array, NULL)
#19 E:\\DESENVOLVIMENTO\\COMPUTACAO\\Equipac\\vendor\\laravel\\framework\\src\\Illuminate\\Database\\Seeder.php(122): Illuminate\\Container\\Container->call(Array)
#20 E:\\DESENVOLVIMENTO\\COMPUTACAO\\Equipac\\vendor\\laravel\\framework\\src\\Illuminate\\Database\\Console\\Seeds\\SeedCommand.php(63): Illuminate\\Database\\Seeder->__invoke()
#21 E:\\DESENVOLVIMENTO\\COMPUTACAO\\Equipac\\vendor\\laravel\\framework\\src\\Illuminate\\Database\\Eloquent\\Concerns\\GuardsAttributes.php(122): Illuminate\\Database\\Console\\Seeds\\SeedCommand->Illuminate\\Database\\Console\\Seeds\\{closure}()
#22 E:\\DESENVOLVIMENTO\\COMPUTACAO\\Equipac\\vendor\\laravel\\framework\\src\\Illuminate\\Database\\Console\\Seeds\\SeedCommand.php(64): Illuminate\\Database\\Eloquent\\Model::unguarded(Object(Closure))
#23 [internal function]: Illuminate\\Database\\Console\\Seeds\\SeedCommand->handle()
#24 E:\\DESENVOLVIMENTO\\COMPUTACAO\\Equipac\\vendor\\laravel\\framework\\src\\Illuminate\\Container\\BoundMethod.php(32): call_user_func_array(Array, Array)
#25 E:\\DESENVOLVIMENTO\\COMPUTACAO\\Equipac\\vendor\\laravel\\framework\\src\\Illuminate\\Container\\BoundMethod.php(90): Illuminate\\Container\\BoundMethod::Illuminate\\Container\\{closure}()
#26 E:\\DESENVOLVIMENTO\\COMPUTACAO\\Equipac\\vendor\\laravel\\framework\\src\\Illuminate\\Container\\BoundMethod.php(34): Illuminate\\Container\\BoundMethod::callBoundMethod(Object(Illuminate\\Foundation\\Application), Array, Object(Closure))
#27 E:\\DESENVOLVIMENTO\\COMPUTACAO\\Equipac\\vendor\\laravel\\framework\\src\\Illuminate\\Container\\Container.php(580): Illuminate\\Container\\BoundMethod::call(Object(Illuminate\\Foundation\\Application), Array, Array, NULL)
#28 E:\\DESENVOLVIMENTO\\COMPUTACAO\\Equipac\\vendor\\laravel\\framework\\src\\Illuminate\\Console\\Command.php(183): Illuminate\\Container\\Container->call(Array)
#29 E:\\DESENVOLVIMENTO\\COMPUTACAO\\Equipac\\vendor\\symfony\\console\\Command\\Command.php(255): Illuminate\\Console\\Command->execute(Object(Symfony\\Component\\Console\\Input\\ArgvInput), Object(Illuminate\\Console\\OutputStyle))
#30 E:\\DESENVOLVIMENTO\\COMPUTACAO\\Equipac\\vendor\\laravel\\framework\\src\\Illuminate\\Console\\Command.php(170): Symfony\\Component\\Console\\Command\\Command->run(Object(Symfony\\Component\\Console\\Input\\ArgvInput), Object(Illuminate\\Console\\OutputStyle))
#31 E:\\DESENVOLVIMENTO\\COMPUTACAO\\Equipac\\vendor\\symfony\\console\\Application.php(908): Illuminate\\Console\\Command->run(Object(Symfony\\Component\\Console\\Input\\ArgvInput), Object(Symfony\\Component\\Console\\Output\\ConsoleOutput))
#32 E:\\DESENVOLVIMENTO\\COMPUTACAO\\Equipac\\vendor\\symfony\\console\\Application.php(269): Symfony\\Component\\Console\\Application->doRunCommand(Object(Illuminate\\Database\\Console\\Seeds\\SeedCommand), Object(Symfony\\Component\\Console\\Input\\ArgvInput), Object(Symfony\\Component\\Console\\Output\\ConsoleOutput))
#33 E:\\DESENVOLVIMENTO\\COMPUTACAO\\Equipac\\vendor\\symfony\\console\\Application.php(145): Symfony\\Component\\Console\\Application->doRun(Object(Symfony\\Component\\Console\\Input\\ArgvInput), Object(Symfony\\Component\\Console\\Output\\ConsoleOutput))
#34 E:\\DESENVOLVIMENTO\\COMPUTACAO\\Equipac\\vendor\\laravel\\framework\\src\\Illuminate\\Console\\Application.php(90): Symfony\\Component\\Console\\Application->run(Object(Symfony\\Component\\Console\\Input\\ArgvInput), Object(Symfony\\Component\\Console\\Output\\ConsoleOutput))
#35 E:\\DESENVOLVIMENTO\\COMPUTACAO\\Equipac\\vendor\\laravel\\framework\\src\\Illuminate\\Foundation\\Console\\Kernel.php(122): Illuminate\\Console\\Application->run(Object(Symfony\\Component\\Console\\Input\\ArgvInput), Object(Symfony\\Component\\Console\\Output\\ConsoleOutput))
#36 E:\\DESENVOLVIMENTO\\COMPUTACAO\\Equipac\\artisan(37): Illuminate\\Foundation\\Console\\Kernel->handle(Object(Symfony\\Component\\Console\\Input\\ArgvInput), Object(Symfony\\Component\\Console\\Output\\ConsoleOutput))
#37 {main}
"} 
[2019-04-17 14:28:13] local.ERROR: SQLSTATE[42S22]: Column not found: 1054 Unknown column 'updated_at' in 'field list' (SQL: insert into `usuario` (`nome`, `password`, `cargo`, `cpf`, `updated_at`, `created_at`) values (Dr. Pablo Sandoval Padilha Jr., francisco.sales, rerum, 307.749.024-26, 2019-04-17 14:28:13, 2019-04-17 14:28:13)) {"exception":"[object] (Illuminate\\Database\\QueryException(code: 42S22): SQLSTATE[42S22]: Column not found: 1054 Unknown column 'updated_at' in 'field list' (SQL: insert into `usuario` (`nome`, `password`, `cargo`, `cpf`, `updated_at`, `created_at`) values (Dr. Pablo Sandoval Padilha Jr., francisco.sales, rerum, 307.749.024-26, 2019-04-17 14:28:13, 2019-04-17 14:28:13)) at E:\\DESENVOLVIMENTO\\COMPUTACAO\\Equipac\\vendor\\laravel\\framework\\src\\Illuminate\\Database\\Connection.php:664, PDOException(code: 42S22): SQLSTATE[42S22]: Column not found: 1054 Unknown column 'updated_at' in 'field list' at E:\\DESENVOLVIMENTO\\COMPUTACAO\\Equipac\\vendor\\laravel\\framework\\src\\Illuminate\\Database\\Connection.php:452)
[stacktrace]
#0 E:\\DESENVOLVIMENTO\\COMPUTACAO\\Equipac\\vendor\\laravel\\framework\\src\\Illuminate\\Database\\Connection.php(624): Illuminate\\Database\\Connection->runQueryCallback('insert into `us...', Array, Object(Closure))
#1 E:\\DESENVOLVIMENTO\\COMPUTACAO\\Equipac\\vendor\\laravel\\framework\\src\\Illuminate\\Database\\Connection.php(459): Illuminate\\Database\\Connection->run('insert into `us...', Array, Object(Closure))
#2 E:\\DESENVOLVIMENTO\\COMPUTACAO\\Equipac\\vendor\\laravel\\framework\\src\\Illuminate\\Database\\Connection.php(411): Illuminate\\Database\\Connection->statement('insert into `us...', Array)
#3 E:\\DESENVOLVIMENTO\\COMPUTACAO\\Equipac\\vendor\\laravel\\framework\\src\\Illuminate\\Database\\Query\\Processors\\Processor.php(32): Illuminate\\Database\\Connection->insert('insert into `us...', Array)
#4 E:\\DESENVOLVIMENTO\\COMPUTACAO\\Equipac\\vendor\\laravel\\framework\\src\\Illuminate\\Database\\Query\\Builder.php(2668): Illuminate\\Database\\Query\\Processors\\Processor->processInsertGetId(Object(Illuminate\\Database\\Query\\Builder), 'insert into `us...', Array, 'id')
#5 E:\\DESENVOLVIMENTO\\COMPUTACAO\\Equipac\\vendor\\laravel\\framework\\src\\Illuminate\\Database\\Eloquent\\Builder.php(1347): Illuminate\\Database\\Query\\Builder->insertGetId(Array, 'id')
#6 E:\\DESENVOLVIMENTO\\COMPUTACAO\\Equipac\\vendor\\laravel\\framework\\src\\Illuminate\\Database\\Eloquent\\Model.php(835): Illuminate\\Database\\Eloquent\\Builder->__call('insertGetId', Array)
#7 E:\\DESENVOLVIMENTO\\COMPUTACAO\\Equipac\\vendor\\laravel\\framework\\src\\Illuminate\\Database\\Eloquent\\Model.php(800): Illuminate\\Database\\Eloquent\\Model->insertAndSetId(Object(Illuminate\\Database\\Eloquent\\Builder), Array)
#8 E:\\DESENVOLVIMENTO\\COMPUTACAO\\Equipac\\vendor\\laravel\\framework\\src\\Illuminate\\Database\\Eloquent\\Model.php(663): Illuminate\\Database\\Eloquent\\Model->performInsert(Object(Illuminate\\Database\\Eloquent\\Builder))
#9 E:\\DESENVOLVIMENTO\\COMPUTACAO\\Equipac\\vendor\\laravel\\framework\\src\\Illuminate\\Database\\Eloquent\\FactoryBuilder.php(206): Illuminate\\Database\\Eloquent\\Model->save()
#10 E:\\DESENVOLVIMENTO\\COMPUTACAO\\Equipac\\vendor\\laravel\\framework\\src\\Illuminate\\Support\\Collection.php(477): Illuminate\\Database\\Eloquent\\FactoryBuilder->Illuminate\\Database\\Eloquent\\{closure}(Object(equipac\\Models\\Usuarios), 0)
#11 E:\\DESENVOLVIMENTO\\COMPUTACAO\\Equipac\\vendor\\laravel\\framework\\src\\Illuminate\\Database\\Eloquent\\FactoryBuilder.php(207): Illuminate\\Support\\Collection->each(Object(Closure))
#12 E:\\DESENVOLVIMENTO\\COMPUTACAO\\Equipac\\vendor\\laravel\\framework\\src\\Illuminate\\Database\\Eloquent\\FactoryBuilder.php(185): Illuminate\\Database\\Eloquent\\FactoryBuilder->store(Object(Illuminate\\Database\\Eloquent\\Collection))
#13 E:\\DESENVOLVIMENTO\\COMPUTACAO\\Equipac\\database\\seeds\\DatabaseSeeder.php(19): Illuminate\\Database\\Eloquent\\FactoryBuilder->create()
#14 [internal function]: DatabaseSeeder->run()
#15 E:\\DESENVOLVIMENTO\\COMPUTACAO\\Equipac\\vendor\\laravel\\framework\\src\\Illuminate\\Container\\BoundMethod.php(32): call_user_func_array(Array, Array)
#16 E:\\DESENVOLVIMENTO\\COMPUTACAO\\Equipac\\vendor\\laravel\\framework\\src\\Illuminate\\Container\\BoundMethod.php(90): Illuminate\\Container\\BoundMethod::Illuminate\\Container\\{closure}()
#17 E:\\DESENVOLVIMENTO\\COMPUTACAO\\Equipac\\vendor\\laravel\\framework\\src\\Illuminate\\Container\\BoundMethod.php(34): Illuminate\\Container\\BoundMethod::callBoundMethod(Object(Illuminate\\Foundation\\Application), Array, Object(Closure))
#18 E:\\DESENVOLVIMENTO\\COMPUTACAO\\Equipac\\vendor\\laravel\\framework\\src\\Illuminate\\Container\\Container.php(580): Illuminate\\Container\\BoundMethod::call(Object(Illuminate\\Foundation\\Application), Array, Array, NULL)
#19 E:\\DESENVOLVIMENTO\\COMPUTACAO\\Equipac\\vendor\\laravel\\framework\\src\\Illuminate\\Database\\Seeder.php(122): Illuminate\\Container\\Container->call(Array)
#20 E:\\DESENVOLVIMENTO\\COMPUTACAO\\Equipac\\vendor\\laravel\\framework\\src\\Illuminate\\Database\\Console\\Seeds\\SeedCommand.php(63): Illuminate\\Database\\Seeder->__invoke()
#21 E:\\DESENVOLVIMENTO\\COMPUTACAO\\Equipac\\vendor\\laravel\\framework\\src\\Illuminate\\Database\\Eloquent\\Concerns\\GuardsAttributes.php(122): Illuminate\\Database\\Console\\Seeds\\SeedCommand->Illuminate\\Database\\Console\\Seeds\\{closure}()
#22 E:\\DESENVOLVIMENTO\\COMPUTACAO\\Equipac\\vendor\\laravel\\framework\\src\\Illuminate\\Database\\Console\\Seeds\\SeedCommand.php(64): Illuminate\\Database\\Eloquent\\Model::unguarded(Object(Closure))
#23 [internal function]: Illuminate\\Database\\Console\\Seeds\\SeedCommand->handle()
#24 E:\\DESENVOLVIMENTO\\COMPUTACAO\\Equipac\\vendor\\laravel\\framework\\src\\Illuminate\\Container\\BoundMethod.php(32): call_user_func_array(Array, Array)
#25 E:\\DESENVOLVIMENTO\\COMPUTACAO\\Equipac\\vendor\\laravel\\framework\\src\\Illuminate\\Container\\BoundMethod.php(90): Illuminate\\Container\\BoundMethod::Illuminate\\Container\\{closure}()
#26 E:\\DESENVOLVIMENTO\\COMPUTACAO\\Equipac\\vendor\\laravel\\framework\\src\\Illuminate\\Container\\BoundMethod.php(34): Illuminate\\Container\\BoundMethod::callBoundMethod(Object(Illuminate\\Foundation\\Application), Array, Object(Closure))
#27 E:\\DESENVOLVIMENTO\\COMPUTACAO\\Equipac\\vendor\\laravel\\framework\\src\\Illuminate\\Container\\Container.php(580): Illuminate\\Container\\BoundMethod::call(Object(Illuminate\\Foundation\\Application), Array, Array, NULL)
#28 E:\\DESENVOLVIMENTO\\COMPUTACAO\\Equipac\\vendor\\laravel\\framework\\src\\Illuminate\\Console\\Command.php(183): Illuminate\\Container\\Container->call(Array)
#29 E:\\DESENVOLVIMENTO\\COMPUTACAO\\Equipac\\vendor\\symfony\\console\\Command\\Command.php(255): Illuminate\\Console\\Command->execute(Object(Symfony\\Component\\Console\\Input\\ArgvInput), Object(Illuminate\\Console\\OutputStyle))
#30 E:\\DESENVOLVIMENTO\\COMPUTACAO\\Equipac\\vendor\\laravel\\framework\\src\\Illuminate\\Console\\Command.php(170): Symfony\\Component\\Console\\Command\\Command->run(Object(Symfony\\Component\\Console\\Input\\ArgvInput), Object(Illuminate\\Console\\OutputStyle))
#31 E:\\DESENVOLVIMENTO\\COMPUTACAO\\Equipac\\vendor\\symfony\\console\\Application.php(908): Illuminate\\Console\\Command->run(Object(Symfony\\Component\\Console\\Input\\ArgvInput), Object(Symfony\\Component\\Console\\Output\\ConsoleOutput))
#32 E:\\DESENVOLVIMENTO\\COMPUTACAO\\Equipac\\vendor\\symfony\\console\\Application.php(269): Symfony\\Component\\Console\\Application->doRunCommand(Object(Illuminate\\Database\\Console\\Seeds\\SeedCommand), Object(Symfony\\Component\\Console\\Input\\ArgvInput), Object(Symfony\\Component\\Console\\Output\\ConsoleOutput))
#33 E:\\DESENVOLVIMENTO\\COMPUTACAO\\Equipac\\vendor\\symfony\\console\\Application.php(145): Symfony\\Component\\Console\\Application->doRun(Object(Symfony\\Component\\Console\\Input\\ArgvInput), Object(Symfony\\Component\\Console\\Output\\ConsoleOutput))
#34 E:\\DESENVOLVIMENTO\\COMPUTACAO\\Equipac\\vendor\\laravel\\framework\\src\\Illuminate\\Console\\Application.php(90): Symfony\\Component\\Console\\Application->run(Object(Symfony\\Component\\Console\\Input\\ArgvInput), Object(Symfony\\Component\\Console\\Output\\ConsoleOutput))
#35 E:\\DESENVOLVIMENTO\\COMPUTACAO\\Equipac\\vendor\\laravel\\framework\\src\\Illuminate\\Foundation\\Console\\Kernel.php(122): Illuminate\\Console\\Application->run(Object(Symfony\\Component\\Console\\Input\\ArgvInput), Object(Symfony\\Component\\Console\\Output\\ConsoleOutput))
#36 E:\\DESENVOLVIMENTO\\COMPUTACAO\\Equipac\\artisan(37): Illuminate\\Foundation\\Console\\Kernel->handle(Object(Symfony\\Component\\Console\\Input\\ArgvInput), Object(Symfony\\Component\\Console\\Output\\ConsoleOutput))
#37 {main}
"} 
[2019-04-17 14:40:05] local.ERROR: SQLSTATE[42S22]: Column not found: 1054 Unknown column 'updated_at' in 'field list' (SQL: insert into `usuario` (`nome`, `password`, `cargo`, `cpf`, `email`, `updated_at`, `created_at`) values (Carla Domingues Sobrinho, isaac73, id, 742.412.049-29, madeira.hernani@example.com, 2019-04-17 14:40:05, 2019-04-17 14:40:05)) {"exception":"[object] (Illuminate\\Database\\QueryException(code: 42S22): SQLSTATE[42S22]: Column not found: 1054 Unknown column 'updated_at' in 'field list' (SQL: insert into `usuario` (`nome`, `password`, `cargo`, `cpf`, `email`, `updated_at`, `created_at`) values (Carla Domingues Sobrinho, isaac73, id, 742.412.049-29, madeira.hernani@example.com, 2019-04-17 14:40:05, 2019-04-17 14:40:05)) at E:\\DESENVOLVIMENTO\\COMPUTACAO\\Equipac\\vendor\\laravel\\framework\\src\\Illuminate\\Database\\Connection.php:664, PDOException(code: 42S22): SQLSTATE[42S22]: Column not found: 1054 Unknown column 'updated_at' in 'field list' at E:\\DESENVOLVIMENTO\\COMPUTACAO\\Equipac\\vendor\\laravel\\framework\\src\\Illuminate\\Database\\Connection.php:452)
[stacktrace]
#0 E:\\DESENVOLVIMENTO\\COMPUTACAO\\Equipac\\vendor\\laravel\\framework\\src\\Illuminate\\Database\\Connection.php(624): Illuminate\\Database\\Connection->runQueryCallback('insert into `us...', Array, Object(Closure))
#1 E:\\DESENVOLVIMENTO\\COMPUTACAO\\Equipac\\vendor\\laravel\\framework\\src\\Illuminate\\Database\\Connection.php(459): Illuminate\\Database\\Connection->run('insert into `us...', Array, Object(Closure))
#2 E:\\DESENVOLVIMENTO\\COMPUTACAO\\Equipac\\vendor\\laravel\\framework\\src\\Illuminate\\Database\\Connection.php(411): Illuminate\\Database\\Connection->statement('insert into `us...', Array)
#3 E:\\DESENVOLVIMENTO\\COMPUTACAO\\Equipac\\vendor\\laravel\\framework\\src\\Illuminate\\Database\\Query\\Processors\\Processor.php(32): Illuminate\\Database\\Connection->insert('insert into `us...', Array)
#4 E:\\DESENVOLVIMENTO\\COMPUTACAO\\Equipac\\vendor\\laravel\\framework\\src\\Illuminate\\Database\\Query\\Builder.php(2668): Illuminate\\Database\\Query\\Processors\\Processor->processInsertGetId(Object(Illuminate\\Database\\Query\\Builder), 'insert into `us...', Array, 'id')
#5 E:\\DESENVOLVIMENTO\\COMPUTACAO\\Equipac\\vendor\\laravel\\framework\\src\\Illuminate\\Database\\Eloquent\\Builder.php(1347): Illuminate\\Database\\Query\\Builder->insertGetId(Array, 'id')
#6 E:\\DESENVOLVIMENTO\\COMPUTACAO\\Equipac\\vendor\\laravel\\framework\\src\\Illuminate\\Database\\Eloquent\\Model.php(835): Illuminate\\Database\\Eloquent\\Builder->__call('insertGetId', Array)
#7 E:\\DESENVOLVIMENTO\\COMPUTACAO\\Equipac\\vendor\\laravel\\framework\\src\\Illuminate\\Database\\Eloquent\\Model.php(800): Illuminate\\Database\\Eloquent\\Model->insertAndSetId(Object(Illuminate\\Database\\Eloquent\\Builder), Array)
#8 E:\\DESENVOLVIMENTO\\COMPUTACAO\\Equipac\\vendor\\laravel\\framework\\src\\Illuminate\\Database\\Eloquent\\Model.php(663): Illuminate\\Database\\Eloquent\\Model->performInsert(Object(Illuminate\\Database\\Eloquent\\Builder))
#9 E:\\DESENVOLVIMENTO\\COMPUTACAO\\Equipac\\vendor\\laravel\\framework\\src\\Illuminate\\Database\\Eloquent\\FactoryBuilder.php(206): Illuminate\\Database\\Eloquent\\Model->save()
#10 E:\\DESENVOLVIMENTO\\COMPUTACAO\\Equipac\\vendor\\laravel\\framework\\src\\Illuminate\\Support\\Collection.php(477): Illuminate\\Database\\Eloquent\\FactoryBuilder->Illuminate\\Database\\Eloquent\\{closure}(Object(equipac\\Models\\Usuarios), 0)
#11 E:\\DESENVOLVIMENTO\\COMPUTACAO\\Equipac\\vendor\\laravel\\framework\\src\\Illuminate\\Database\\Eloquent\\FactoryBuilder.php(207): Illuminate\\Support\\Collection->each(Object(Closure))
#12 E:\\DESENVOLVIMENTO\\COMPUTACAO\\Equipac\\vendor\\laravel\\framework\\src\\Illuminate\\Database\\Eloquent\\FactoryBuilder.php(185): Illuminate\\Database\\Eloquent\\FactoryBuilder->store(Object(Illuminate\\Database\\Eloquent\\Collection))
#13 E:\\DESENVOLVIMENTO\\COMPUTACAO\\Equipac\\database\\seeds\\DatabaseSeeder.php(19): Illuminate\\Database\\Eloquent\\FactoryBuilder->create()
#14 [internal function]: DatabaseSeeder->run()
#15 E:\\DESENVOLVIMENTO\\COMPUTACAO\\Equipac\\vendor\\laravel\\framework\\src\\Illuminate\\Container\\BoundMethod.php(32): call_user_func_array(Array, Array)
#16 E:\\DESENVOLVIMENTO\\COMPUTACAO\\Equipac\\vendor\\laravel\\framework\\src\\Illuminate\\Container\\BoundMethod.php(90): Illuminate\\Container\\BoundMethod::Illuminate\\Container\\{closure}()
#17 E:\\DESENVOLVIMENTO\\COMPUTACAO\\Equipac\\vendor\\laravel\\framework\\src\\Illuminate\\Container\\BoundMethod.php(34): Illuminate\\Container\\BoundMethod::callBoundMethod(Object(Illuminate\\Foundation\\Application), Array, Object(Closure))
#18 E:\\DESENVOLVIMENTO\\COMPUTACAO\\Equipac\\vendor\\laravel\\framework\\src\\Illuminate\\Container\\Container.php(580): Illuminate\\Container\\BoundMethod::call(Object(Illuminate\\Foundation\\Application), Array, Array, NULL)
#19 E:\\DESENVOLVIMENTO\\COMPUTACAO\\Equipac\\vendor\\laravel\\framework\\src\\Illuminate\\Database\\Seeder.php(122): Illuminate\\Container\\Container->call(Array)
#20 E:\\DESENVOLVIMENTO\\COMPUTACAO\\Equipac\\vendor\\laravel\\framework\\src\\Illuminate\\Database\\Console\\Seeds\\SeedCommand.php(63): Illuminate\\Database\\Seeder->__invoke()
#21 E:\\DESENVOLVIMENTO\\COMPUTACAO\\Equipac\\vendor\\laravel\\framework\\src\\Illuminate\\Database\\Eloquent\\Concerns\\GuardsAttributes.php(122): Illuminate\\Database\\Console\\Seeds\\SeedCommand->Illuminate\\Database\\Console\\Seeds\\{closure}()
#22 E:\\DESENVOLVIMENTO\\COMPUTACAO\\Equipac\\vendor\\laravel\\framework\\src\\Illuminate\\Database\\Console\\Seeds\\SeedCommand.php(64): Illuminate\\Database\\Eloquent\\Model::unguarded(Object(Closure))
#23 [internal function]: Illuminate\\Database\\Console\\Seeds\\SeedCommand->handle()
#24 E:\\DESENVOLVIMENTO\\COMPUTACAO\\Equipac\\vendor\\laravel\\framework\\src\\Illuminate\\Container\\BoundMethod.php(32): call_user_func_array(Array, Array)
#25 E:\\DESENVOLVIMENTO\\COMPUTACAO\\Equipac\\vendor\\laravel\\framework\\src\\Illuminate\\Container\\BoundMethod.php(90): Illuminate\\Container\\BoundMethod::Illuminate\\Container\\{closure}()
#26 E:\\DESENVOLVIMENTO\\COMPUTACAO\\Equipac\\vendor\\laravel\\framework\\src\\Illuminate\\Container\\BoundMethod.php(34): Illuminate\\Container\\BoundMethod::callBoundMethod(Object(Illuminate\\Foundation\\Application), Array, Object(Closure))
#27 E:\\DESENVOLVIMENTO\\COMPUTACAO\\Equipac\\vendor\\laravel\\framework\\src\\Illuminate\\Container\\Container.php(580): Illuminate\\Container\\BoundMethod::call(Object(Illuminate\\Foundation\\Application), Array, Array, NULL)
#28 E:\\DESENVOLVIMENTO\\COMPUTACAO\\Equipac\\vendor\\laravel\\framework\\src\\Illuminate\\Console\\Command.php(183): Illuminate\\Container\\Container->call(Array)
#29 E:\\DESENVOLVIMENTO\\COMPUTACAO\\Equipac\\vendor\\symfony\\console\\Command\\Command.php(255): Illuminate\\Console\\Command->execute(Object(Symfony\\Component\\Console\\Input\\ArgvInput), Object(Illuminate\\Console\\OutputStyle))
#30 E:\\DESENVOLVIMENTO\\COMPUTACAO\\Equipac\\vendor\\laravel\\framework\\src\\Illuminate\\Console\\Command.php(170): Symfony\\Component\\Console\\Command\\Command->run(Object(Symfony\\Component\\Console\\Input\\ArgvInput), Object(Illuminate\\Console\\OutputStyle))
#31 E:\\DESENVOLVIMENTO\\COMPUTACAO\\Equipac\\vendor\\symfony\\console\\Application.php(908): Illuminate\\Console\\Command->run(Object(Symfony\\Component\\Console\\Input\\ArgvInput), Object(Symfony\\Component\\Console\\Output\\ConsoleOutput))
#32 E:\\DESENVOLVIMENTO\\COMPUTACAO\\Equipac\\vendor\\symfony\\console\\Application.php(269): Symfony\\Component\\Console\\Application->doRunCommand(Object(Illuminate\\Database\\Console\\Seeds\\SeedCommand), Object(Symfony\\Component\\Console\\Input\\ArgvInput), Object(Symfony\\Component\\Console\\Output\\ConsoleOutput))
#33 E:\\DESENVOLVIMENTO\\COMPUTACAO\\Equipac\\vendor\\symfony\\console\\Application.php(145): Symfony\\Component\\Console\\Application->doRun(Object(Symfony\\Component\\Console\\Input\\ArgvInput), Object(Symfony\\Component\\Console\\Output\\ConsoleOutput))
#34 E:\\DESENVOLVIMENTO\\COMPUTACAO\\Equipac\\vendor\\laravel\\framework\\src\\Illuminate\\Console\\Application.php(90): Symfony\\Component\\Console\\Application->run(Object(Symfony\\Component\\Console\\Input\\ArgvInput), Object(Symfony\\Component\\Console\\Output\\ConsoleOutput))
#35 E:\\DESENVOLVIMENTO\\COMPUTACAO\\Equipac\\vendor\\laravel\\framework\\src\\Illuminate\\Foundation\\Console\\Kernel.php(122): Illuminate\\Console\\Application->run(Object(Symfony\\Component\\Console\\Input\\ArgvInput), Object(Symfony\\Component\\Console\\Output\\ConsoleOutput))
#36 E:\\DESENVOLVIMENTO\\COMPUTACAO\\Equipac\\artisan(37): Illuminate\\Foundation\\Console\\Kernel->handle(Object(Symfony\\Component\\Console\\Input\\ArgvInput), Object(Symfony\\Component\\Console\\Output\\ConsoleOutput))
#37 {main}
"} 
